running egg_info
writing ../../build/6_localize_map/6_localize_map.egg-info/PKG-INFO
writing dependency_links to ../../build/6_localize_map/6_localize_map.egg-info/dependency_links.txt
writing entry points to ../../build/6_localize_map/6_localize_map.egg-info/entry_points.txt
writing requirements to ../../build/6_localize_map/6_localize_map.egg-info/requires.txt
writing top-level names to ../../build/6_localize_map/6_localize_map.egg-info/top_level.txt
reading manifest file '../../build/6_localize_map/6_localize_map.egg-info/SOURCES.txt'
writing manifest file '../../build/6_localize_map/6_localize_map.egg-info/SOURCES.txt'
running build
running build_py
running install
running install_lib
running install_data
copying package.xml -> /home/user15/colcon_ws/install/6_localize_map/share/6_localize_map
copying launch/custom_world_launch.py -> /home/user15/colcon_ws/install/6_localize_map/share/6_localize_map/launch
copying launch/localize_map_launch.py -> /home/user15/colcon_ws/install/6_localize_map/share/6_localize_map/launch
creating /home/user15/colcon_ws/install/6_localize_map/share/6_localize_map/config
copying config/ekf.yaml -> /home/user15/colcon_ws/install/6_localize_map/share/6_localize_map/config
creating /home/user15/colcon_ws/install/6_localize_map/share/6_localize_map/models
creating /home/user15/colcon_ws/install/6_localize_map/share/6_localize_map/models/turtlebot3_burger
copying models/turtlebot3_burger/model.sdf -> /home/user15/colcon_ws/install/6_localize_map/share/6_localize_map/models/turtlebot3_burger
running install_egg_info
removing '/home/user15/colcon_ws/install/6_localize_map/lib/python3.12/site-packages/6_localize_map-0.0.0-py3.12.egg-info' (and everything under it)
Copying ../../build/6_localize_map/6_localize_map.egg-info to /home/user15/colcon_ws/install/6_localize_map/lib/python3.12/site-packages/6_localize_map-0.0.0-py3.12.egg-info
running install_scripts
Installing initial_pose_pub script to /home/user15/colcon_ws/install/6_localize_map/lib/6_localize_map
Installing random_moition script to /home/user15/colcon_ws/install/6_localize_map/lib/6_localize_map
Installing simple_yaw_oa script to /home/user15/colcon_ws/install/6_localize_map/lib/6_localize_map
writing list of installed files to '/home/user15/colcon_ws/build/6_localize_map/install.log'
