[1.423s] Invoking command in '/home/user08/colcon_ws/src/1_pub_sub': DEBUGINFOD_URLS=https://debuginfod.ubuntu.com PYTHONPATH=/home/user08/colcon_ws/build/1_pub_sub/prefix_override:/usr/lib/python3/dist-packages/colcon_core/task/python/colcon_distutils_commands:/home/user08/colcon_ws/install/1_pub_sub/lib/python3.12/site-packages:${PYTHONPATH} /usr/bin/python3 -W ignore:setup.py install is deprecated -W ignore:easy_install command is deprecated setup.py egg_info --egg-base ../../build/1_pub_sub build --build-base /home/user08/colcon_ws/build/1_pub_sub/build install --record /home/user08/colcon_ws/build/1_pub_sub/install.log --single-version-externally-managed install_data
[1.688s] running egg_info
[1.710s] writing ../../build/1_pub_sub/1_pub_sub.egg-info/PKG-INFO
[1.710s] writing dependency_links to ../../build/1_pub_sub/1_pub_sub.egg-info/dependency_links.txt
[1.710s] writing entry points to ../../build/1_pub_sub/1_pub_sub.egg-info/entry_points.txt
[1.710s] writing requirements to ../../build/1_pub_sub/1_pub_sub.egg-info/requires.txt
[1.710s] writing top-level names to ../../build/1_pub_sub/1_pub_sub.egg-info/top_level.txt
[1.757s] reading manifest file '../../build/1_pub_sub/1_pub_sub.egg-info/SOURCES.txt'
[1.758s] writing manifest file '../../build/1_pub_sub/1_pub_sub.egg-info/SOURCES.txt'
[1.758s] running build
[1.759s] running build_py
[1.759s] running install
[1.765s] running install_lib
[1.787s] running install_data
[1.787s] copying launch/pub_sub_launch.py -> /home/user08/colcon_ws/install/1_pub_sub/share/1_pub_sub/launch
[1.787s] running install_egg_info
[1.810s] Copying ../../build/1_pub_sub/1_pub_sub.egg-info to /home/user08/colcon_ws/install/1_pub_sub/lib/python3.12/site-packages/1_pub_sub-0.0.0-py3.12.egg-info
[1.811s] running install_scripts
[1.949s] Installing processor script to /home/user08/colcon_ws/install/1_pub_sub/lib/1_pub_sub
[1.949s] Installing publisher script to /home/user08/colcon_ws/install/1_pub_sub/lib/1_pub_sub
[1.950s] Installing subscriber script to /home/user08/colcon_ws/install/1_pub_sub/lib/1_pub_sub
[1.950s] writing list of installed files to '/home/user08/colcon_ws/build/1_pub_sub/install.log'
[1.986s] Invoked command in '/home/user08/colcon_ws/src/1_pub_sub' returned '0': DEBUGINFOD_URLS=https://debuginfod.ubuntu.com PYTHONPATH=/home/user08/colcon_ws/build/1_pub_sub/prefix_override:/usr/lib/python3/dist-packages/colcon_core/task/python/colcon_distutils_commands:/home/user08/colcon_ws/install/1_pub_sub/lib/python3.12/site-packages:${PYTHONPATH} /usr/bin/python3 -W ignore:setup.py install is deprecated -W ignore:easy_install command is deprecated setup.py egg_info --egg-base ../../build/1_pub_sub build --build-base /home/user08/colcon_ws/build/1_pub_sub/build install --record /home/user08/colcon_ws/build/1_pub_sub/install.log --single-version-externally-managed install_data
