[0.569s] Invoking command in '/home/user15/colcon_ws/src/6_localize_map': DEBUGINFOD_URLS=https://debuginfod.ubuntu.com PYTHONPATH=/home/user15/colcon_ws/build/6_localize_map/prefix_override:/usr/lib/python3/dist-packages/colcon_core/task/python/colcon_distutils_commands:/home/user15/colcon_ws/install/6_localize_map/lib/python3.12/site-packages: /usr/bin/python3 -W ignore:setup.py install is deprecated -W ignore:easy_install command is deprecated setup.py egg_info --egg-base ../../build/6_localize_map build --build-base /home/user15/colcon_ws/build/6_localize_map/build install --record /home/user15/colcon_ws/build/6_localize_map/install.log --install-scripts $base/lib/6_localize_map --single-version-externally-managed install_data
[0.758s] running egg_info
[0.769s] writing ../../build/6_localize_map/6_localize_map.egg-info/PKG-INFO
[0.769s] writing dependency_links to ../../build/6_localize_map/6_localize_map.egg-info/dependency_links.txt
[0.769s] writing entry points to ../../build/6_localize_map/6_localize_map.egg-info/entry_points.txt
[0.769s] writing requirements to ../../build/6_localize_map/6_localize_map.egg-info/requires.txt
[0.769s] writing top-level names to ../../build/6_localize_map/6_localize_map.egg-info/top_level.txt
[0.793s] reading manifest file '../../build/6_localize_map/6_localize_map.egg-info/SOURCES.txt'
[0.794s] writing manifest file '../../build/6_localize_map/6_localize_map.egg-info/SOURCES.txt'
[0.794s] running build
[0.794s] running build_py
[0.794s] running install
[0.800s] running install_lib
[0.813s] running install_data
[0.813s] copying package.xml -> /home/user15/colcon_ws/install/6_localize_map/share/6_localize_map
[0.813s] running install_egg_info
[0.826s] removing '/home/user15/colcon_ws/install/6_localize_map/lib/python3.12/site-packages/6_localize_map-0.0.0-py3.12.egg-info' (and everything under it)
[0.826s] Copying ../../build/6_localize_map/6_localize_map.egg-info to /home/user15/colcon_ws/install/6_localize_map/lib/python3.12/site-packages/6_localize_map-0.0.0-py3.12.egg-info
[0.827s] running install_scripts
[0.915s] Installing random_moition script to /home/user15/colcon_ws/install/6_localize_map/lib/6_localize_map
[0.915s] Installing simple_yaw_oa script to /home/user15/colcon_ws/install/6_localize_map/lib/6_localize_map
[0.915s] writing list of installed files to '/home/user15/colcon_ws/build/6_localize_map/install.log'
[0.939s] Invoked command in '/home/user15/colcon_ws/src/6_localize_map' returned '0': DEBUGINFOD_URLS=https://debuginfod.ubuntu.com PYTHONPATH=/home/user15/colcon_ws/build/6_localize_map/prefix_override:/usr/lib/python3/dist-packages/colcon_core/task/python/colcon_distutils_commands:/home/user15/colcon_ws/install/6_localize_map/lib/python3.12/site-packages: /usr/bin/python3 -W ignore:setup.py install is deprecated -W ignore:easy_install command is deprecated setup.py egg_info --egg-base ../../build/6_localize_map build --build-base /home/user15/colcon_ws/build/6_localize_map/build install --record /home/user15/colcon_ws/build/6_localize_map/install.log --install-scripts $base/lib/6_localize_map --single-version-externally-managed install_data
