[1.635s] Invoking command in '/home/user08/colcon_ws/src/1_pub_sub': DEBUGINFOD_URLS=https://debuginfod.ubuntu.com PYTHONPATH=/home/user08/colcon_ws/build/1_pub_sub/prefix_override:/usr/lib/python3/dist-packages/colcon_core/task/python/colcon_distutils_commands:/home/user08/colcon_ws/install/1_pub_sub/lib/python3.12/site-packages:${PYTHONPATH} /usr/bin/python3 -W ignore:setup.py install is deprecated -W ignore:easy_install command is deprecated setup.py egg_info --egg-base ../../build/1_pub_sub build --build-base /home/user08/colcon_ws/build/1_pub_sub/build install --record /home/user08/colcon_ws/build/1_pub_sub/install.log --single-version-externally-managed install_data
[1.948s] running egg_info
[1.972s] writing ../../build/1_pub_sub/1_pub_sub.egg-info/PKG-INFO
[1.972s] writing dependency_links to ../../build/1_pub_sub/1_pub_sub.egg-info/dependency_links.txt
[1.973s] writing entry points to ../../build/1_pub_sub/1_pub_sub.egg-info/entry_points.txt
[1.973s] writing requirements to ../../build/1_pub_sub/1_pub_sub.egg-info/requires.txt
[1.973s] writing top-level names to ../../build/1_pub_sub/1_pub_sub.egg-info/top_level.txt
[2.023s] reading manifest file '../../build/1_pub_sub/1_pub_sub.egg-info/SOURCES.txt'
[2.024s] writing manifest file '../../build/1_pub_sub/1_pub_sub.egg-info/SOURCES.txt'
[2.024s] running build
[2.024s] running build_py
[2.025s] running install
[2.031s] running install_lib
[2.057s] running install_data
[2.057s] running install_egg_info
[2.081s] removing '/home/user08/colcon_ws/install/1_pub_sub/lib/python3.12/site-packages/1_pub_sub-0.0.0-py3.12.egg-info' (and everything under it)
[2.081s] Copying ../../build/1_pub_sub/1_pub_sub.egg-info to /home/user08/colcon_ws/install/1_pub_sub/lib/python3.12/site-packages/1_pub_sub-0.0.0-py3.12.egg-info
[2.082s] running install_scripts
[2.246s] Installing processor script to /home/user08/colcon_ws/install/1_pub_sub/lib/1_pub_sub
[2.246s] Installing publisher script to /home/user08/colcon_ws/install/1_pub_sub/lib/1_pub_sub
[2.247s] Installing subscriber script to /home/user08/colcon_ws/install/1_pub_sub/lib/1_pub_sub
[2.247s] writing list of installed files to '/home/user08/colcon_ws/build/1_pub_sub/install.log'
[2.317s] Invoked command in '/home/user08/colcon_ws/src/1_pub_sub' returned '0': DEBUGINFOD_URLS=https://debuginfod.ubuntu.com PYTHONPATH=/home/user08/colcon_ws/build/1_pub_sub/prefix_override:/usr/lib/python3/dist-packages/colcon_core/task/python/colcon_distutils_commands:/home/user08/colcon_ws/install/1_pub_sub/lib/python3.12/site-packages:${PYTHONPATH} /usr/bin/python3 -W ignore:setup.py install is deprecated -W ignore:easy_install command is deprecated setup.py egg_info --egg-base ../../build/1_pub_sub build --build-base /home/user08/colcon_ws/build/1_pub_sub/build install --record /home/user08/colcon_ws/build/1_pub_sub/install.log --single-version-externally-managed install_data
