[0.128s] DEBUG:colcon:Command line arguments: ['/usr/bin/colcon', 'build']
[0.128s] DEBUG:colcon:Parsed command line arguments: Namespace(log_base=None, log_level=None, verb_name='build', build_base='build', install_base='install', merge_install=False, symlink_install=False, test_result_base=None, continue_on_error=False, executor='parallel', parallel_workers=12, event_handlers=None, ignore_user_meta=False, metas=['./colcon.meta'], base_paths=['.'], packages_ignore=None, packages_ignore_regex=None, paths=None, packages_up_to=None, packages_up_to_regex=None, packages_above=None, packages_above_and_dependencies=None, packages_above_depth=None, packages_select_by_dep=None, packages_skip_by_dep=None, packages_skip_up_to=None, packages_select_build_failed=False, packages_skip_build_finished=False, packages_select_test_failures=False, packages_skip_test_passed=False, packages_select=None, packages_skip=None, packages_select_regex=None, packages_skip_regex=None, packages_start=None, packages_end=None, allow_overriding=[], cmake_args=None, cmake_target=None, cmake_target_skip_unavailable=False, cmake_clean_cache=False, cmake_clean_first=False, cmake_force_configure=False, ament_cmake_args=None, catkin_cmake_args=None, catkin_skip_building_tests=False, mixin_files=None, mixin=None, verb_parser=<colcon_mixin.mixin.mixin_argument.MixinArgumentDecorator object at 0x73809bb9ce90>, verb_extension=<colcon_core.verb.build.BuildVerb object at 0x73809bb466c0>, main=<bound method BuildVerb.main of <colcon_core.verb.build.BuildVerb object at 0x73809bb466c0>>, mixin_verb=('build',))
[0.166s] Level 1:colcon.colcon_core.package_discovery:discover_packages(colcon_meta) check parameters
[0.166s] Level 1:colcon.colcon_core.package_discovery:discover_packages(recursive) check parameters
[0.166s] Level 1:colcon.colcon_core.package_discovery:discover_packages(ignore) check parameters
[0.166s] Level 1:colcon.colcon_core.package_discovery:discover_packages(path) check parameters
[0.166s] Level 1:colcon.colcon_core.package_discovery:discover_packages(colcon_meta) discover
[0.166s] Level 1:colcon.colcon_core.package_discovery:discover_packages(recursive) discover
[0.166s] INFO:colcon.colcon_core.package_discovery:Crawling recursively for packages in '/home/user08/colcon_ws'
[0.167s] Level 1:colcon.colcon_core.package_identification:_identify(.) by extensions ['ignore', 'ignore_ament_install']
[0.167s] Level 1:colcon.colcon_core.package_identification:_identify(.) by extension 'ignore'
[0.167s] Level 1:colcon.colcon_core.package_identification:_identify(.) by extension 'ignore_ament_install'
[0.167s] Level 1:colcon.colcon_core.package_identification:_identify(.) by extensions ['colcon_pkg']
[0.167s] Level 1:colcon.colcon_core.package_identification:_identify(.) by extension 'colcon_pkg'
[0.167s] Level 1:colcon.colcon_core.package_identification:_identify(.) by extensions ['colcon_meta']
[0.167s] Level 1:colcon.colcon_core.package_identification:_identify(.) by extension 'colcon_meta'
[0.167s] Level 1:colcon.colcon_core.package_identification:_identify(.) by extensions ['ros']
[0.167s] Level 1:colcon.colcon_core.package_identification:_identify(.) by extension 'ros'
[0.192s] Level 1:colcon.colcon_core.package_identification:_identify(.) by extensions ['cmake', 'python']
[0.192s] Level 1:colcon.colcon_core.package_identification:_identify(.) by extension 'cmake'
[0.192s] Level 1:colcon.colcon_core.package_identification:_identify(.) by extension 'python'
[0.192s] Level 1:colcon.colcon_core.package_identification:_identify(.) by extensions ['python_setup_py']
[0.192s] Level 1:colcon.colcon_core.package_identification:_identify(.) by extension 'python_setup_py'
[0.192s] Level 1:colcon.colcon_core.package_identification:_identify(build) by extensions ['ignore', 'ignore_ament_install']
[0.192s] Level 1:colcon.colcon_core.package_identification:_identify(build) by extension 'ignore'
[0.192s] Level 1:colcon.colcon_core.package_identification:_identify(build) ignored
[0.192s] Level 1:colcon.colcon_core.package_identification:_identify(install) by extensions ['ignore', 'ignore_ament_install']
[0.192s] Level 1:colcon.colcon_core.package_identification:_identify(install) by extension 'ignore'
[0.193s] Level 1:colcon.colcon_core.package_identification:_identify(install) ignored
[0.193s] Level 1:colcon.colcon_core.package_identification:_identify(log) by extensions ['ignore', 'ignore_ament_install']
[0.193s] Level 1:colcon.colcon_core.package_identification:_identify(log) by extension 'ignore'
[0.193s] Level 1:colcon.colcon_core.package_identification:_identify(log) ignored
[0.193s] Level 1:colcon.colcon_core.package_identification:_identify(src) by extensions ['ignore', 'ignore_ament_install']
[0.193s] Level 1:colcon.colcon_core.package_identification:_identify(src) by extension 'ignore'
[0.193s] Level 1:colcon.colcon_core.package_identification:_identify(src) by extension 'ignore_ament_install'
[0.193s] Level 1:colcon.colcon_core.package_identification:_identify(src) by extensions ['colcon_pkg']
[0.193s] Level 1:colcon.colcon_core.package_identification:_identify(src) by extension 'colcon_pkg'
[0.193s] Level 1:colcon.colcon_core.package_identification:_identify(src) by extensions ['colcon_meta']
[0.193s] Level 1:colcon.colcon_core.package_identification:_identify(src) by extension 'colcon_meta'
[0.193s] Level 1:colcon.colcon_core.package_identification:_identify(src) by extensions ['ros']
[0.193s] Level 1:colcon.colcon_core.package_identification:_identify(src) by extension 'ros'
[0.193s] Level 1:colcon.colcon_core.package_identification:_identify(src) by extensions ['cmake', 'python']
[0.193s] Level 1:colcon.colcon_core.package_identification:_identify(src) by extension 'cmake'
[0.194s] Level 1:colcon.colcon_core.package_identification:_identify(src) by extension 'python'
[0.194s] Level 1:colcon.colcon_core.package_identification:_identify(src) by extensions ['python_setup_py']
[0.194s] Level 1:colcon.colcon_core.package_identification:_identify(src) by extension 'python_setup_py'
[0.194s] Level 1:colcon.colcon_core.package_identification:_identify(src/1_pub_sub) by extensions ['ignore', 'ignore_ament_install']
[0.194s] Level 1:colcon.colcon_core.package_identification:_identify(src/1_pub_sub) by extension 'ignore'
[0.194s] Level 1:colcon.colcon_core.package_identification:_identify(src/1_pub_sub) by extension 'ignore_ament_install'
[0.194s] Level 1:colcon.colcon_core.package_identification:_identify(src/1_pub_sub) by extensions ['colcon_pkg']
[0.194s] Level 1:colcon.colcon_core.package_identification:_identify(src/1_pub_sub) by extension 'colcon_pkg'
[0.194s] Level 1:colcon.colcon_core.package_identification:_identify(src/1_pub_sub) by extensions ['colcon_meta']
[0.194s] Level 1:colcon.colcon_core.package_identification:_identify(src/1_pub_sub) by extension 'colcon_meta'
[0.194s] Level 1:colcon.colcon_core.package_identification:_identify(src/1_pub_sub) by extensions ['ros']
[0.194s] Level 1:colcon.colcon_core.package_identification:_identify(src/1_pub_sub) by extension 'ros'
[0.197s] DEBUG:colcon.colcon_core.package_identification:Package 'src/1_pub_sub' with type 'ros.ament_python' and name '1_pub_sub'
[0.198s] Level 1:colcon.colcon_core.package_identification:_identify(src/4_avoild_obstacle) by extensions ['ignore', 'ignore_ament_install']
[0.198s] Level 1:colcon.colcon_core.package_identification:_identify(src/4_avoild_obstacle) by extension 'ignore'
[0.198s] Level 1:colcon.colcon_core.package_identification:_identify(src/4_avoild_obstacle) by extension 'ignore_ament_install'
[0.198s] Level 1:colcon.colcon_core.package_identification:_identify(src/4_avoild_obstacle) by extensions ['colcon_pkg']
[0.198s] Level 1:colcon.colcon_core.package_identification:_identify(src/4_avoild_obstacle) by extension 'colcon_pkg'
[0.198s] Level 1:colcon.colcon_core.package_identification:_identify(src/4_avoild_obstacle) by extensions ['colcon_meta']
[0.198s] Level 1:colcon.colcon_core.package_identification:_identify(src/4_avoild_obstacle) by extension 'colcon_meta'
[0.199s] Level 1:colcon.colcon_core.package_identification:_identify(src/4_avoild_obstacle) by extensions ['ros']
[0.199s] Level 1:colcon.colcon_core.package_identification:_identify(src/4_avoild_obstacle) by extension 'ros'
[0.200s] DEBUG:colcon.colcon_core.package_identification:Package 'src/4_avoild_obstacle' with type 'ros.ament_python' and name '4_avoild_obstacle'
[0.200s] Level 1:colcon.colcon_core.package_identification:_identify(src/5_tf_static) by extensions ['ignore', 'ignore_ament_install']
[0.200s] Level 1:colcon.colcon_core.package_identification:_identify(src/5_tf_static) by extension 'ignore'
[0.201s] Level 1:colcon.colcon_core.package_identification:_identify(src/5_tf_static) by extension 'ignore_ament_install'
[0.201s] Level 1:colcon.colcon_core.package_identification:_identify(src/5_tf_static) by extensions ['colcon_pkg']
[0.201s] Level 1:colcon.colcon_core.package_identification:_identify(src/5_tf_static) by extension 'colcon_pkg'
[0.201s] Level 1:colcon.colcon_core.package_identification:_identify(src/5_tf_static) by extensions ['colcon_meta']
[0.201s] Level 1:colcon.colcon_core.package_identification:_identify(src/5_tf_static) by extension 'colcon_meta'
[0.201s] Level 1:colcon.colcon_core.package_identification:_identify(src/5_tf_static) by extensions ['ros']
[0.201s] Level 1:colcon.colcon_core.package_identification:_identify(src/5_tf_static) by extension 'ros'
[0.202s] DEBUG:colcon.colcon_core.package_identification:Package 'src/5_tf_static' with type 'ros.ament_python' and name '5_tf_static'
[0.202s] Level 1:colcon.colcon_core.package_identification:_identify(src/6_localize_map) by extensions ['ignore', 'ignore_ament_install']
[0.202s] Level 1:colcon.colcon_core.package_identification:_identify(src/6_localize_map) by extension 'ignore'
[0.202s] Level 1:colcon.colcon_core.package_identification:_identify(src/6_localize_map) by extension 'ignore_ament_install'
[0.202s] Level 1:colcon.colcon_core.package_identification:_identify(src/6_localize_map) by extensions ['colcon_pkg']
[0.202s] Level 1:colcon.colcon_core.package_identification:_identify(src/6_localize_map) by extension 'colcon_pkg'
[0.202s] Level 1:colcon.colcon_core.package_identification:_identify(src/6_localize_map) by extensions ['colcon_meta']
[0.202s] Level 1:colcon.colcon_core.package_identification:_identify(src/6_localize_map) by extension 'colcon_meta'
[0.202s] Level 1:colcon.colcon_core.package_identification:_identify(src/6_localize_map) by extensions ['ros']
[0.202s] Level 1:colcon.colcon_core.package_identification:_identify(src/6_localize_map) by extension 'ros'
[0.203s] DEBUG:colcon.colcon_core.package_identification:Package 'src/6_localize_map' with type 'ros.ament_python' and name '6_localize_map'
[0.203s] Level 1:colcon.colcon_core.package_discovery:discover_packages(recursive) using defaults
[0.203s] Level 1:colcon.colcon_core.package_discovery:discover_packages(ignore) discover
[0.203s] Level 1:colcon.colcon_core.package_discovery:discover_packages(ignore) using defaults
[0.203s] Level 1:colcon.colcon_core.package_discovery:discover_packages(path) discover
[0.203s] Level 1:colcon.colcon_core.package_discovery:discover_packages(path) using defaults
[0.224s] Level 1:colcon.colcon_core.package_discovery:discover_packages(prefix_path) check parameters
[0.224s] Level 1:colcon.colcon_core.package_discovery:discover_packages(prefix_path) discover
[0.225s] DEBUG:colcon.colcon_installed_package_information.package_discovery:Found 4 installed packages in /home/user08/colcon_ws/install
[0.227s] DEBUG:colcon.colcon_installed_package_information.package_discovery:Found 395 installed packages in /opt/ros/jazzy
[0.229s] Level 1:colcon.colcon_core.package_discovery:discover_packages(prefix_path) using defaults
[0.287s] Level 5:colcon.colcon_core.verb:set package '1_pub_sub' build argument 'cmake_args' from command line to 'None'
[0.287s] Level 5:colcon.colcon_core.verb:set package '1_pub_sub' build argument 'cmake_target' from command line to 'None'
[0.287s] Level 5:colcon.colcon_core.verb:set package '1_pub_sub' build argument 'cmake_target_skip_unavailable' from command line to 'False'
[0.288s] Level 5:colcon.colcon_core.verb:set package '1_pub_sub' build argument 'cmake_clean_cache' from command line to 'False'
[0.288s] Level 5:colcon.colcon_core.verb:set package '1_pub_sub' build argument 'cmake_clean_first' from command line to 'False'
[0.288s] Level 5:colcon.colcon_core.verb:set package '1_pub_sub' build argument 'cmake_force_configure' from command line to 'False'
[0.288s] Level 5:colcon.colcon_core.verb:set package '1_pub_sub' build argument 'ament_cmake_args' from command line to 'None'
[0.288s] Level 5:colcon.colcon_core.verb:set package '1_pub_sub' build argument 'catkin_cmake_args' from command line to 'None'
[0.288s] Level 5:colcon.colcon_core.verb:set package '1_pub_sub' build argument 'catkin_skip_building_tests' from command line to 'False'
[0.288s] DEBUG:colcon.colcon_core.verb:Building package '1_pub_sub' with the following arguments: {'ament_cmake_args': None, 'build_base': '/home/user08/colcon_ws/build/1_pub_sub', 'catkin_cmake_args': None, 'catkin_skip_building_tests': False, 'cmake_args': None, 'cmake_clean_cache': False, 'cmake_clean_first': False, 'cmake_force_configure': False, 'cmake_target': None, 'cmake_target_skip_unavailable': False, 'install_base': '/home/user08/colcon_ws/install/1_pub_sub', 'merge_install': False, 'path': '/home/user08/colcon_ws/src/1_pub_sub', 'symlink_install': False, 'test_result_base': None}
[0.288s] Level 5:colcon.colcon_core.verb:set package '4_avoild_obstacle' build argument 'cmake_args' from command line to 'None'
[0.288s] Level 5:colcon.colcon_core.verb:set package '4_avoild_obstacle' build argument 'cmake_target' from command line to 'None'
[0.288s] Level 5:colcon.colcon_core.verb:set package '4_avoild_obstacle' build argument 'cmake_target_skip_unavailable' from command line to 'False'
[0.288s] Level 5:colcon.colcon_core.verb:set package '4_avoild_obstacle' build argument 'cmake_clean_cache' from command line to 'False'
[0.288s] Level 5:colcon.colcon_core.verb:set package '4_avoild_obstacle' build argument 'cmake_clean_first' from command line to 'False'
[0.288s] Level 5:colcon.colcon_core.verb:set package '4_avoild_obstacle' build argument 'cmake_force_configure' from command line to 'False'
[0.288s] Level 5:colcon.colcon_core.verb:set package '4_avoild_obstacle' build argument 'ament_cmake_args' from command line to 'None'
[0.288s] Level 5:colcon.colcon_core.verb:set package '4_avoild_obstacle' build argument 'catkin_cmake_args' from command line to 'None'
[0.288s] Level 5:colcon.colcon_core.verb:set package '4_avoild_obstacle' build argument 'catkin_skip_building_tests' from command line to 'False'
[0.288s] DEBUG:colcon.colcon_core.verb:Building package '4_avoild_obstacle' with the following arguments: {'ament_cmake_args': None, 'build_base': '/home/user08/colcon_ws/build/4_avoild_obstacle', 'catkin_cmake_args': None, 'catkin_skip_building_tests': False, 'cmake_args': None, 'cmake_clean_cache': False, 'cmake_clean_first': False, 'cmake_force_configure': False, 'cmake_target': None, 'cmake_target_skip_unavailable': False, 'install_base': '/home/user08/colcon_ws/install/4_avoild_obstacle', 'merge_install': False, 'path': '/home/user08/colcon_ws/src/4_avoild_obstacle', 'symlink_install': False, 'test_result_base': None}
[0.288s] Level 5:colcon.colcon_core.verb:set package '5_tf_static' build argument 'cmake_args' from command line to 'None'
[0.289s] Level 5:colcon.colcon_core.verb:set package '5_tf_static' build argument 'cmake_target' from command line to 'None'
[0.289s] Level 5:colcon.colcon_core.verb:set package '5_tf_static' build argument 'cmake_target_skip_unavailable' from command line to 'False'
[0.289s] Level 5:colcon.colcon_core.verb:set package '5_tf_static' build argument 'cmake_clean_cache' from command line to 'False'
[0.289s] Level 5:colcon.colcon_core.verb:set package '5_tf_static' build argument 'cmake_clean_first' from command line to 'False'
[0.289s] Level 5:colcon.colcon_core.verb:set package '5_tf_static' build argument 'cmake_force_configure' from command line to 'False'
[0.289s] Level 5:colcon.colcon_core.verb:set package '5_tf_static' build argument 'ament_cmake_args' from command line to 'None'
[0.289s] Level 5:colcon.colcon_core.verb:set package '5_tf_static' build argument 'catkin_cmake_args' from command line to 'None'
[0.289s] Level 5:colcon.colcon_core.verb:set package '5_tf_static' build argument 'catkin_skip_building_tests' from command line to 'False'
[0.289s] DEBUG:colcon.colcon_core.verb:Building package '5_tf_static' with the following arguments: {'ament_cmake_args': None, 'build_base': '/home/user08/colcon_ws/build/5_tf_static', 'catkin_cmake_args': None, 'catkin_skip_building_tests': False, 'cmake_args': None, 'cmake_clean_cache': False, 'cmake_clean_first': False, 'cmake_force_configure': False, 'cmake_target': None, 'cmake_target_skip_unavailable': False, 'install_base': '/home/user08/colcon_ws/install/5_tf_static', 'merge_install': False, 'path': '/home/user08/colcon_ws/src/5_tf_static', 'symlink_install': False, 'test_result_base': None}
[0.289s] Level 5:colcon.colcon_core.verb:set package '6_localize_map' build argument 'cmake_args' from command line to 'None'
[0.289s] Level 5:colcon.colcon_core.verb:set package '6_localize_map' build argument 'cmake_target' from command line to 'None'
[0.289s] Level 5:colcon.colcon_core.verb:set package '6_localize_map' build argument 'cmake_target_skip_unavailable' from command line to 'False'
[0.289s] Level 5:colcon.colcon_core.verb:set package '6_localize_map' build argument 'cmake_clean_cache' from command line to 'False'
[0.289s] Level 5:colcon.colcon_core.verb:set package '6_localize_map' build argument 'cmake_clean_first' from command line to 'False'
[0.289s] Level 5:colcon.colcon_core.verb:set package '6_localize_map' build argument 'cmake_force_configure' from command line to 'False'
[0.289s] Level 5:colcon.colcon_core.verb:set package '6_localize_map' build argument 'ament_cmake_args' from command line to 'None'
[0.289s] Level 5:colcon.colcon_core.verb:set package '6_localize_map' build argument 'catkin_cmake_args' from command line to 'None'
[0.289s] Level 5:colcon.colcon_core.verb:set package '6_localize_map' build argument 'catkin_skip_building_tests' from command line to 'False'
[0.289s] DEBUG:colcon.colcon_core.verb:Building package '6_localize_map' with the following arguments: {'ament_cmake_args': None, 'build_base': '/home/user08/colcon_ws/build/6_localize_map', 'catkin_cmake_args': None, 'catkin_skip_building_tests': False, 'cmake_args': None, 'cmake_clean_cache': False, 'cmake_clean_first': False, 'cmake_force_configure': False, 'cmake_target': None, 'cmake_target_skip_unavailable': False, 'install_base': '/home/user08/colcon_ws/install/6_localize_map', 'merge_install': False, 'path': '/home/user08/colcon_ws/src/6_localize_map', 'symlink_install': False, 'test_result_base': None}
[0.289s] INFO:colcon.colcon_core.executor:Executing jobs using 'parallel' executor
[0.290s] DEBUG:colcon.colcon_parallel_executor.executor.parallel:run_until_complete
[0.290s] INFO:colcon.colcon_ros.task.ament_python.build:Building ROS package in '/home/user08/colcon_ws/src/1_pub_sub' with build type 'ament_python'
[0.291s] Level 1:colcon.colcon_core.shell:create_environment_hook('1_pub_sub', 'ament_prefix_path')
[0.292s] INFO:colcon.colcon_core.plugin_system:Skipping extension 'colcon_core.shell.bat': Not used on non-Windows systems
[0.293s] INFO:colcon.colcon_core.shell:Creating environment hook '/home/user08/colcon_ws/install/1_pub_sub/share/1_pub_sub/hook/ament_prefix_path.ps1'
[0.293s] INFO:colcon.colcon_core.shell:Creating environment descriptor '/home/user08/colcon_ws/install/1_pub_sub/share/1_pub_sub/hook/ament_prefix_path.dsv'
[0.293s] INFO:colcon.colcon_core.shell:Creating environment hook '/home/user08/colcon_ws/install/1_pub_sub/share/1_pub_sub/hook/ament_prefix_path.sh'
[0.294s] INFO:colcon.colcon_core.shell:Skip shell extension 'powershell' for command environment: Not usable outside of PowerShell
[0.294s] DEBUG:colcon.colcon_core.shell:Skip shell extension 'dsv' for command environment
[0.297s] INFO:colcon.colcon_ros.task.ament_python.build:Building ROS package in '/home/user08/colcon_ws/src/4_avoild_obstacle' with build type 'ament_python'
[0.298s] Level 1:colcon.colcon_core.shell:create_environment_hook('4_avoild_obstacle', 'ament_prefix_path')
[0.298s] INFO:colcon.colcon_core.shell:Creating environment hook '/home/user08/colcon_ws/install/4_avoild_obstacle/share/4_avoild_obstacle/hook/ament_prefix_path.ps1'
[0.298s] INFO:colcon.colcon_core.shell:Creating environment descriptor '/home/user08/colcon_ws/install/4_avoild_obstacle/share/4_avoild_obstacle/hook/ament_prefix_path.dsv'
[0.299s] INFO:colcon.colcon_core.shell:Creating environment hook '/home/user08/colcon_ws/install/4_avoild_obstacle/share/4_avoild_obstacle/hook/ament_prefix_path.sh'
[0.299s] INFO:colcon.colcon_core.shell:Skip shell extension 'powershell' for command environment: Not usable outside of PowerShell
[0.299s] DEBUG:colcon.colcon_core.shell:Skip shell extension 'dsv' for command environment
[0.303s] INFO:colcon.colcon_ros.task.ament_python.build:Building ROS package in '/home/user08/colcon_ws/src/5_tf_static' with build type 'ament_python'
[0.303s] Level 1:colcon.colcon_core.shell:create_environment_hook('5_tf_static', 'ament_prefix_path')
[0.304s] INFO:colcon.colcon_core.shell:Creating environment hook '/home/user08/colcon_ws/install/5_tf_static/share/5_tf_static/hook/ament_prefix_path.ps1'
[0.304s] INFO:colcon.colcon_core.shell:Creating environment descriptor '/home/user08/colcon_ws/install/5_tf_static/share/5_tf_static/hook/ament_prefix_path.dsv'
[0.305s] INFO:colcon.colcon_core.shell:Creating environment hook '/home/user08/colcon_ws/install/5_tf_static/share/5_tf_static/hook/ament_prefix_path.sh'
[0.305s] INFO:colcon.colcon_core.shell:Skip shell extension 'powershell' for command environment: Not usable outside of PowerShell
[0.305s] DEBUG:colcon.colcon_core.shell:Skip shell extension 'dsv' for command environment
[0.311s] INFO:colcon.colcon_ros.task.ament_python.build:Building ROS package in '/home/user08/colcon_ws/src/6_localize_map' with build type 'ament_python'
[0.311s] Level 1:colcon.colcon_core.shell:create_environment_hook('6_localize_map', 'ament_prefix_path')
[0.311s] INFO:colcon.colcon_core.shell:Creating environment hook '/home/user08/colcon_ws/install/6_localize_map/share/6_localize_map/hook/ament_prefix_path.ps1'
[0.312s] INFO:colcon.colcon_core.shell:Creating environment descriptor '/home/user08/colcon_ws/install/6_localize_map/share/6_localize_map/hook/ament_prefix_path.dsv'
[0.312s] INFO:colcon.colcon_core.shell:Creating environment hook '/home/user08/colcon_ws/install/6_localize_map/share/6_localize_map/hook/ament_prefix_path.sh'
[0.313s] INFO:colcon.colcon_core.shell:Skip shell extension 'powershell' for command environment: Not usable outside of PowerShell
[0.313s] DEBUG:colcon.colcon_core.shell:Skip shell extension 'dsv' for command environment
[0.544s] INFO:colcon.colcon_core.task.python.build:Building Python package in '/home/user08/colcon_ws/src/1_pub_sub'
[0.544s] INFO:colcon.colcon_core.shell:Skip shell extension 'powershell' for command environment: Not usable outside of PowerShell
[0.544s] DEBUG:colcon.colcon_core.shell:Skip shell extension 'dsv' for command environment
[0.775s] INFO:colcon.colcon_core.task.python.build:Building Python package in '/home/user08/colcon_ws/src/4_avoild_obstacle'
[0.775s] INFO:colcon.colcon_core.shell:Skip shell extension 'powershell' for command environment: Not usable outside of PowerShell
[0.775s] DEBUG:colcon.colcon_core.shell:Skip shell extension 'dsv' for command environment
[1.010s] INFO:colcon.colcon_core.task.python.build:Building Python package in '/home/user08/colcon_ws/src/5_tf_static'
[1.010s] INFO:colcon.colcon_core.shell:Skip shell extension 'powershell' for command environment: Not usable outside of PowerShell
[1.010s] DEBUG:colcon.colcon_core.shell:Skip shell extension 'dsv' for command environment
[1.233s] INFO:colcon.colcon_core.task.python.build:Building Python package in '/home/user08/colcon_ws/src/6_localize_map'
[1.233s] INFO:colcon.colcon_core.shell:Skip shell extension 'powershell' for command environment: Not usable outside of PowerShell
[1.233s] DEBUG:colcon.colcon_core.shell:Skip shell extension 'dsv' for command environment
[1.909s] DEBUG:colcon.colcon_core.event_handler.log_command:Invoking command in '/home/user08/colcon_ws/src/5_tf_static': DEBUGINFOD_URLS=https://debuginfod.ubuntu.com PYTHONPATH=/home/user08/colcon_ws/build/5_tf_static/prefix_override:/usr/lib/python3/dist-packages/colcon_core/task/python/colcon_distutils_commands:/home/user08/colcon_ws/install/5_tf_static/lib/python3.12/site-packages:${PYTHONPATH} /usr/bin/python3 -W ignore:setup.py install is deprecated -W ignore:easy_install command is deprecated setup.py egg_info --egg-base ../../build/5_tf_static build --build-base /home/user08/colcon_ws/build/5_tf_static/build install --record /home/user08/colcon_ws/build/5_tf_static/install.log --single-version-externally-managed install_data
[1.920s] DEBUG:colcon.colcon_core.event_handler.log_command:Invoking command in '/home/user08/colcon_ws/src/4_avoild_obstacle': DEBUGINFOD_URLS=https://debuginfod.ubuntu.com PYTHONPATH=/home/user08/colcon_ws/build/4_avoild_obstacle/prefix_override:/usr/lib/python3/dist-packages/colcon_core/task/python/colcon_distutils_commands:/home/user08/colcon_ws/install/4_avoild_obstacle/lib/python3.12/site-packages:${PYTHONPATH} /usr/bin/python3 -W ignore:setup.py install is deprecated -W ignore:easy_install command is deprecated setup.py egg_info --egg-base ../../build/4_avoild_obstacle build --build-base /home/user08/colcon_ws/build/4_avoild_obstacle/build install --record /home/user08/colcon_ws/build/4_avoild_obstacle/install.log --single-version-externally-managed install_data
[1.924s] DEBUG:colcon.colcon_core.event_handler.log_command:Invoking command in '/home/user08/colcon_ws/src/6_localize_map': DEBUGINFOD_URLS=https://debuginfod.ubuntu.com PYTHONPATH=/home/user08/colcon_ws/build/6_localize_map/prefix_override:/usr/lib/python3/dist-packages/colcon_core/task/python/colcon_distutils_commands:/home/user08/colcon_ws/install/6_localize_map/lib/python3.12/site-packages:${PYTHONPATH} /usr/bin/python3 -W ignore:setup.py install is deprecated -W ignore:easy_install command is deprecated setup.py egg_info --egg-base ../../build/6_localize_map build --build-base /home/user08/colcon_ws/build/6_localize_map/build install --record /home/user08/colcon_ws/build/6_localize_map/install.log --single-version-externally-managed install_data
[1.926s] DEBUG:colcon.colcon_core.event_handler.log_command:Invoking command in '/home/user08/colcon_ws/src/1_pub_sub': DEBUGINFOD_URLS=https://debuginfod.ubuntu.com PYTHONPATH=/home/user08/colcon_ws/build/1_pub_sub/prefix_override:/usr/lib/python3/dist-packages/colcon_core/task/python/colcon_distutils_commands:/home/user08/colcon_ws/install/1_pub_sub/lib/python3.12/site-packages:${PYTHONPATH} /usr/bin/python3 -W ignore:setup.py install is deprecated -W ignore:easy_install command is deprecated setup.py egg_info --egg-base ../../build/1_pub_sub build --build-base /home/user08/colcon_ws/build/1_pub_sub/build install --record /home/user08/colcon_ws/build/1_pub_sub/install.log --single-version-externally-managed install_data
[2.594s] DEBUG:colcon.colcon_core.event_handler.log_command:Invoked command in '/home/user08/colcon_ws/src/4_avoild_obstacle' returned '0': DEBUGINFOD_URLS=https://debuginfod.ubuntu.com PYTHONPATH=/home/user08/colcon_ws/build/4_avoild_obstacle/prefix_override:/usr/lib/python3/dist-packages/colcon_core/task/python/colcon_distutils_commands:/home/user08/colcon_ws/install/4_avoild_obstacle/lib/python3.12/site-packages:${PYTHONPATH} /usr/bin/python3 -W ignore:setup.py install is deprecated -W ignore:easy_install command is deprecated setup.py egg_info --egg-base ../../build/4_avoild_obstacle build --build-base /home/user08/colcon_ws/build/4_avoild_obstacle/build install --record /home/user08/colcon_ws/build/4_avoild_obstacle/install.log --single-version-externally-managed install_data
[2.597s] Level 1:colcon.colcon_core.environment:checking '/home/user08/colcon_ws/install/4_avoild_obstacle' for CMake module files
[2.597s] Level 1:colcon.colcon_core.environment:checking '/home/user08/colcon_ws/install/4_avoild_obstacle' for CMake config files
[2.598s] Level 1:colcon.colcon_core.environment:checking '/home/user08/colcon_ws/install/4_avoild_obstacle/lib'
[2.598s] Level 1:colcon.colcon_core.environment:checking '/home/user08/colcon_ws/install/4_avoild_obstacle/bin'
[2.598s] Level 1:colcon.colcon_core.environment:checking '/home/user08/colcon_ws/install/4_avoild_obstacle/lib/pkgconfig/4_avoild_obstacle.pc'
[2.598s] Level 1:colcon.colcon_core.environment:checking '/home/user08/colcon_ws/install/4_avoild_obstacle/lib/python3.12/site-packages'
[2.598s] Level 1:colcon.colcon_core.shell:create_environment_hook('4_avoild_obstacle', 'pythonpath')
[2.599s] INFO:colcon.colcon_core.shell:Creating environment hook '/home/user08/colcon_ws/install/4_avoild_obstacle/share/4_avoild_obstacle/hook/pythonpath.ps1'
[2.599s] INFO:colcon.colcon_core.shell:Creating environment descriptor '/home/user08/colcon_ws/install/4_avoild_obstacle/share/4_avoild_obstacle/hook/pythonpath.dsv'
[2.600s] INFO:colcon.colcon_core.shell:Creating environment hook '/home/user08/colcon_ws/install/4_avoild_obstacle/share/4_avoild_obstacle/hook/pythonpath.sh'
[2.600s] Level 1:colcon.colcon_core.environment:checking '/home/user08/colcon_ws/install/4_avoild_obstacle/bin'
[2.600s] Level 1:colcon.colcon_core.environment:create_environment_scripts_only(4_avoild_obstacle)
[2.601s] INFO:colcon.colcon_core.shell:Creating package script '/home/user08/colcon_ws/install/4_avoild_obstacle/share/4_avoild_obstacle/package.ps1'
[2.602s] INFO:colcon.colcon_core.shell:Creating package descriptor '/home/user08/colcon_ws/install/4_avoild_obstacle/share/4_avoild_obstacle/package.dsv'
[2.603s] INFO:colcon.colcon_core.shell:Creating package script '/home/user08/colcon_ws/install/4_avoild_obstacle/share/4_avoild_obstacle/package.sh'
[2.604s] INFO:colcon.colcon_core.shell:Creating package script '/home/user08/colcon_ws/install/4_avoild_obstacle/share/4_avoild_obstacle/package.bash'
[2.605s] INFO:colcon.colcon_core.shell:Creating package script '/home/user08/colcon_ws/install/4_avoild_obstacle/share/4_avoild_obstacle/package.zsh'
[2.606s] Level 1:colcon.colcon_core.environment:create_file_with_runtime_dependencies(/home/user08/colcon_ws/install/4_avoild_obstacle/share/colcon-core/packages/4_avoild_obstacle)
[2.608s] Level 1:colcon.colcon_core.environment:checking '/home/user08/colcon_ws/install/1_pub_sub' for CMake module files
[2.609s] DEBUG:colcon.colcon_core.event_handler.log_command:Invoked command in '/home/user08/colcon_ws/src/1_pub_sub' returned '0': DEBUGINFOD_URLS=https://debuginfod.ubuntu.com PYTHONPATH=/home/user08/colcon_ws/build/1_pub_sub/prefix_override:/usr/lib/python3/dist-packages/colcon_core/task/python/colcon_distutils_commands:/home/user08/colcon_ws/install/1_pub_sub/lib/python3.12/site-packages:${PYTHONPATH} /usr/bin/python3 -W ignore:setup.py install is deprecated -W ignore:easy_install command is deprecated setup.py egg_info --egg-base ../../build/1_pub_sub build --build-base /home/user08/colcon_ws/build/1_pub_sub/build install --record /home/user08/colcon_ws/build/1_pub_sub/install.log --single-version-externally-managed install_data
[2.609s] Level 1:colcon.colcon_core.environment:checking '/home/user08/colcon_ws/install/1_pub_sub' for CMake config files
[2.609s] Level 1:colcon.colcon_core.environment:checking '/home/user08/colcon_ws/install/1_pub_sub/lib'
[2.609s] Level 1:colcon.colcon_core.environment:checking '/home/user08/colcon_ws/install/1_pub_sub/bin'
[2.610s] Level 1:colcon.colcon_core.environment:checking '/home/user08/colcon_ws/install/1_pub_sub/lib/pkgconfig/1_pub_sub.pc'
[2.610s] Level 1:colcon.colcon_core.environment:checking '/home/user08/colcon_ws/install/1_pub_sub/lib/python3.12/site-packages'
[2.610s] Level 1:colcon.colcon_core.shell:create_environment_hook('1_pub_sub', 'pythonpath')
[2.610s] INFO:colcon.colcon_core.shell:Creating environment hook '/home/user08/colcon_ws/install/1_pub_sub/share/1_pub_sub/hook/pythonpath.ps1'
[2.610s] INFO:colcon.colcon_core.shell:Creating environment descriptor '/home/user08/colcon_ws/install/1_pub_sub/share/1_pub_sub/hook/pythonpath.dsv'
[2.611s] INFO:colcon.colcon_core.shell:Creating environment hook '/home/user08/colcon_ws/install/1_pub_sub/share/1_pub_sub/hook/pythonpath.sh'
[2.611s] Level 1:colcon.colcon_core.environment:checking '/home/user08/colcon_ws/install/1_pub_sub/bin'
[2.612s] Level 1:colcon.colcon_core.environment:create_environment_scripts_only(1_pub_sub)
[2.612s] INFO:colcon.colcon_core.shell:Creating package script '/home/user08/colcon_ws/install/1_pub_sub/share/1_pub_sub/package.ps1'
[2.613s] INFO:colcon.colcon_core.shell:Creating package descriptor '/home/user08/colcon_ws/install/1_pub_sub/share/1_pub_sub/package.dsv'
[2.613s] INFO:colcon.colcon_core.shell:Creating package script '/home/user08/colcon_ws/install/1_pub_sub/share/1_pub_sub/package.sh'
[2.614s] INFO:colcon.colcon_core.shell:Creating package script '/home/user08/colcon_ws/install/1_pub_sub/share/1_pub_sub/package.bash'
[2.614s] INFO:colcon.colcon_core.shell:Creating package script '/home/user08/colcon_ws/install/1_pub_sub/share/1_pub_sub/package.zsh'
[2.614s] Level 1:colcon.colcon_core.environment:create_file_with_runtime_dependencies(/home/user08/colcon_ws/install/1_pub_sub/share/colcon-core/packages/1_pub_sub)
[2.615s] Level 1:colcon.colcon_core.environment:checking '/home/user08/colcon_ws/install/5_tf_static' for CMake module files
[2.616s] Level 1:colcon.colcon_core.environment:checking '/home/user08/colcon_ws/install/5_tf_static' for CMake config files
[2.616s] DEBUG:colcon.colcon_core.event_handler.log_command:Invoked command in '/home/user08/colcon_ws/src/5_tf_static' returned '0': DEBUGINFOD_URLS=https://debuginfod.ubuntu.com PYTHONPATH=/home/user08/colcon_ws/build/5_tf_static/prefix_override:/usr/lib/python3/dist-packages/colcon_core/task/python/colcon_distutils_commands:/home/user08/colcon_ws/install/5_tf_static/lib/python3.12/site-packages:${PYTHONPATH} /usr/bin/python3 -W ignore:setup.py install is deprecated -W ignore:easy_install command is deprecated setup.py egg_info --egg-base ../../build/5_tf_static build --build-base /home/user08/colcon_ws/build/5_tf_static/build install --record /home/user08/colcon_ws/build/5_tf_static/install.log --single-version-externally-managed install_data
[2.617s] Level 1:colcon.colcon_core.environment:checking '/home/user08/colcon_ws/install/5_tf_static/lib'
[2.617s] Level 1:colcon.colcon_core.environment:checking '/home/user08/colcon_ws/install/5_tf_static/bin'
[2.617s] Level 1:colcon.colcon_core.environment:checking '/home/user08/colcon_ws/install/5_tf_static/lib/pkgconfig/5_tf_static.pc'
[2.617s] Level 1:colcon.colcon_core.environment:checking '/home/user08/colcon_ws/install/5_tf_static/lib/python3.12/site-packages'
[2.617s] Level 1:colcon.colcon_core.shell:create_environment_hook('5_tf_static', 'pythonpath')
[2.617s] INFO:colcon.colcon_core.shell:Creating environment hook '/home/user08/colcon_ws/install/5_tf_static/share/5_tf_static/hook/pythonpath.ps1'
[2.618s] INFO:colcon.colcon_core.shell:Creating environment descriptor '/home/user08/colcon_ws/install/5_tf_static/share/5_tf_static/hook/pythonpath.dsv'
[2.618s] INFO:colcon.colcon_core.shell:Creating environment hook '/home/user08/colcon_ws/install/5_tf_static/share/5_tf_static/hook/pythonpath.sh'
[2.619s] Level 1:colcon.colcon_core.environment:checking '/home/user08/colcon_ws/install/5_tf_static/bin'
[2.619s] Level 1:colcon.colcon_core.environment:create_environment_scripts_only(5_tf_static)
[2.619s] INFO:colcon.colcon_core.shell:Creating package script '/home/user08/colcon_ws/install/5_tf_static/share/5_tf_static/package.ps1'
[2.620s] INFO:colcon.colcon_core.shell:Creating package descriptor '/home/user08/colcon_ws/install/5_tf_static/share/5_tf_static/package.dsv'
[2.621s] INFO:colcon.colcon_core.shell:Creating package script '/home/user08/colcon_ws/install/5_tf_static/share/5_tf_static/package.sh'
[2.621s] INFO:colcon.colcon_core.shell:Creating package script '/home/user08/colcon_ws/install/5_tf_static/share/5_tf_static/package.bash'
[2.622s] INFO:colcon.colcon_core.shell:Creating package script '/home/user08/colcon_ws/install/5_tf_static/share/5_tf_static/package.zsh'
[2.623s] Level 1:colcon.colcon_core.environment:create_file_with_runtime_dependencies(/home/user08/colcon_ws/install/5_tf_static/share/colcon-core/packages/5_tf_static)
[2.624s] Level 1:colcon.colcon_core.environment:checking '/home/user08/colcon_ws/install/6_localize_map' for CMake module files
[2.625s] DEBUG:colcon.colcon_core.event_handler.log_command:Invoked command in '/home/user08/colcon_ws/src/6_localize_map' returned '0': DEBUGINFOD_URLS=https://debuginfod.ubuntu.com PYTHONPATH=/home/user08/colcon_ws/build/6_localize_map/prefix_override:/usr/lib/python3/dist-packages/colcon_core/task/python/colcon_distutils_commands:/home/user08/colcon_ws/install/6_localize_map/lib/python3.12/site-packages:${PYTHONPATH} /usr/bin/python3 -W ignore:setup.py install is deprecated -W ignore:easy_install command is deprecated setup.py egg_info --egg-base ../../build/6_localize_map build --build-base /home/user08/colcon_ws/build/6_localize_map/build install --record /home/user08/colcon_ws/build/6_localize_map/install.log --single-version-externally-managed install_data
[2.625s] Level 1:colcon.colcon_core.environment:checking '/home/user08/colcon_ws/install/6_localize_map' for CMake config files
[2.626s] Level 1:colcon.colcon_core.environment:checking '/home/user08/colcon_ws/install/6_localize_map/lib'
[2.626s] Level 1:colcon.colcon_core.environment:checking '/home/user08/colcon_ws/install/6_localize_map/bin'
[2.626s] Level 1:colcon.colcon_core.environment:checking '/home/user08/colcon_ws/install/6_localize_map/lib/pkgconfig/6_localize_map.pc'
[2.626s] Level 1:colcon.colcon_core.environment:checking '/home/user08/colcon_ws/install/6_localize_map/lib/python3.12/site-packages'
[2.626s] Level 1:colcon.colcon_core.shell:create_environment_hook('6_localize_map', 'pythonpath')
[2.626s] INFO:colcon.colcon_core.shell:Creating environment hook '/home/user08/colcon_ws/install/6_localize_map/share/6_localize_map/hook/pythonpath.ps1'
[2.627s] INFO:colcon.colcon_core.shell:Creating environment descriptor '/home/user08/colcon_ws/install/6_localize_map/share/6_localize_map/hook/pythonpath.dsv'
[2.627s] INFO:colcon.colcon_core.shell:Creating environment hook '/home/user08/colcon_ws/install/6_localize_map/share/6_localize_map/hook/pythonpath.sh'
[2.627s] Level 1:colcon.colcon_core.environment:checking '/home/user08/colcon_ws/install/6_localize_map/bin'
[2.628s] Level 1:colcon.colcon_core.environment:create_environment_scripts_only(6_localize_map)
[2.628s] INFO:colcon.colcon_core.shell:Creating package script '/home/user08/colcon_ws/install/6_localize_map/share/6_localize_map/package.ps1'
[2.628s] INFO:colcon.colcon_core.shell:Creating package descriptor '/home/user08/colcon_ws/install/6_localize_map/share/6_localize_map/package.dsv'
[2.629s] INFO:colcon.colcon_core.shell:Creating package script '/home/user08/colcon_ws/install/6_localize_map/share/6_localize_map/package.sh'
[2.629s] INFO:colcon.colcon_core.shell:Creating package script '/home/user08/colcon_ws/install/6_localize_map/share/6_localize_map/package.bash'
[2.630s] INFO:colcon.colcon_core.shell:Creating package script '/home/user08/colcon_ws/install/6_localize_map/share/6_localize_map/package.zsh'
[2.630s] Level 1:colcon.colcon_core.environment:create_file_with_runtime_dependencies(/home/user08/colcon_ws/install/6_localize_map/share/colcon-core/packages/6_localize_map)
[2.630s] DEBUG:colcon.colcon_parallel_executor.executor.parallel:closing loop
[2.630s] DEBUG:colcon.colcon_parallel_executor.executor.parallel:loop closed
[2.631s] DEBUG:colcon.colcon_parallel_executor.executor.parallel:run_until_complete finished with '0'
[2.631s] DEBUG:colcon.colcon_core.event_reactor:joining thread
[2.636s] INFO:colcon.colcon_core.plugin_system:Skipping extension 'colcon_notification.desktop_notification.terminal_notifier': Not used on non-Darwin systems
[2.637s] INFO:colcon.colcon_core.plugin_system:Skipping extension 'colcon_notification.desktop_notification.win32': Not used on non-Windows systems
[2.637s] INFO:colcon.colcon_notification.desktop_notification:Sending desktop notification using 'notify2'
[2.651s] DEBUG:colcon.colcon_core.event_reactor:joined thread
[2.652s] INFO:colcon.colcon_core.shell:Creating prefix script '/home/user08/colcon_ws/install/local_setup.ps1'
[2.652s] INFO:colcon.colcon_core.shell:Creating prefix util module '/home/user08/colcon_ws/install/_local_setup_util_ps1.py'
[2.653s] INFO:colcon.colcon_core.shell:Creating prefix chain script '/home/user08/colcon_ws/install/setup.ps1'
[2.654s] INFO:colcon.colcon_core.shell:Creating prefix script '/home/user08/colcon_ws/install/local_setup.sh'
[2.655s] INFO:colcon.colcon_core.shell:Creating prefix util module '/home/user08/colcon_ws/install/_local_setup_util_sh.py'
[2.655s] INFO:colcon.colcon_core.shell:Creating prefix chain script '/home/user08/colcon_ws/install/setup.sh'
[2.656s] INFO:colcon.colcon_core.shell:Creating prefix script '/home/user08/colcon_ws/install/local_setup.bash'
[2.656s] INFO:colcon.colcon_core.shell:Creating prefix chain script '/home/user08/colcon_ws/install/setup.bash'
[2.657s] INFO:colcon.colcon_core.shell:Creating prefix script '/home/user08/colcon_ws/install/local_setup.zsh'
[2.658s] INFO:colcon.colcon_core.shell:Creating prefix chain script '/home/user08/colcon_ws/install/setup.zsh'
