[1.557s] Invoking command in '/home/user08/colcon_ws/src/6_localize_map': DEBUGINFOD_URLS=https://debuginfod.ubuntu.com PYTHONPATH=/home/user08/colcon_ws/build/6_localize_map/prefix_override:/usr/lib/python3/dist-packages/colcon_core/task/python/colcon_distutils_commands:/home/user08/colcon_ws/install/6_localize_map/lib/python3.12/site-packages:${PYTHONPATH} /usr/bin/python3 -W ignore:setup.py install is deprecated -W ignore:easy_install command is deprecated setup.py egg_info --egg-base ../../build/6_localize_map build --build-base /home/user08/colcon_ws/build/6_localize_map/build install --record /home/user08/colcon_ws/build/6_localize_map/install.log --single-version-externally-managed install_data
[1.849s] running egg_info
[1.871s] writing ../../build/6_localize_map/6_localize_map.egg-info/PKG-INFO
[1.871s] writing dependency_links to ../../build/6_localize_map/6_localize_map.egg-info/dependency_links.txt
[1.871s] writing entry points to ../../build/6_localize_map/6_localize_map.egg-info/entry_points.txt
[1.871s] writing requirements to ../../build/6_localize_map/6_localize_map.egg-info/requires.txt
[1.871s] writing top-level names to ../../build/6_localize_map/6_localize_map.egg-info/top_level.txt
[1.917s] reading manifest file '../../build/6_localize_map/6_localize_map.egg-info/SOURCES.txt'
[1.918s] writing manifest file '../../build/6_localize_map/6_localize_map.egg-info/SOURCES.txt'
[1.918s] running build
[1.918s] running build_py
[1.918s] copying 6_localize_map/simple_yaw_oa.py -> /home/user08/colcon_ws/build/6_localize_map/build/lib/6_localize_map
[1.918s] running install
[1.924s] running install_lib
[1.947s] copying /home/user08/colcon_ws/build/6_localize_map/build/lib/6_localize_map/simple_yaw_oa.py -> /home/user08/colcon_ws/install/6_localize_map/lib/python3.12/site-packages/6_localize_map
[1.947s] byte-compiling /home/user08/colcon_ws/install/6_localize_map/lib/python3.12/site-packages/6_localize_map/simple_yaw_oa.py to simple_yaw_oa.cpython-312.pyc
[1.948s] running install_data
[1.948s] running install_egg_info
[1.971s] removing '/home/user08/colcon_ws/install/6_localize_map/lib/python3.12/site-packages/6_localize_map-0.0.0-py3.12.egg-info' (and everything under it)
[1.972s] Copying ../../build/6_localize_map/6_localize_map.egg-info to /home/user08/colcon_ws/install/6_localize_map/lib/python3.12/site-packages/6_localize_map-0.0.0-py3.12.egg-info
[1.972s] running install_scripts
[2.123s] Installing simple_yaw_oa script to /home/user08/colcon_ws/install/6_localize_map/lib/6_localize_map
[2.124s] writing list of installed files to '/home/user08/colcon_ws/build/6_localize_map/install.log'
[2.159s] Invoked command in '/home/user08/colcon_ws/src/6_localize_map' returned '0': DEBUGINFOD_URLS=https://debuginfod.ubuntu.com PYTHONPATH=/home/user08/colcon_ws/build/6_localize_map/prefix_override:/usr/lib/python3/dist-packages/colcon_core/task/python/colcon_distutils_commands:/home/user08/colcon_ws/install/6_localize_map/lib/python3.12/site-packages:${PYTHONPATH} /usr/bin/python3 -W ignore:setup.py install is deprecated -W ignore:easy_install command is deprecated setup.py egg_info --egg-base ../../build/6_localize_map build --build-base /home/user08/colcon_ws/build/6_localize_map/build install --record /home/user08/colcon_ws/build/6_localize_map/install.log --single-version-externally-managed install_data
