/home/user15/colcon_ws/install/5_tf_static/lib/python3.12/site-packages/5_tf_static/tf_static.py
/home/user15/colcon_ws/install/5_tf_static/lib/python3.12/site-packages/5_tf_static/tf_dynamic.py
/home/user15/colcon_ws/install/5_tf_static/lib/python3.12/site-packages/5_tf_static/tf_listener.py
/home/user15/colcon_ws/install/5_tf_static/lib/python3.12/site-packages/5_tf_static/__init__.py
/home/user15/colcon_ws/install/5_tf_static/lib/python3.12/site-packages/5_tf_static/__pycache__/tf_static.cpython-312.pyc
/home/user15/colcon_ws/install/5_tf_static/lib/python3.12/site-packages/5_tf_static/__pycache__/tf_dynamic.cpython-312.pyc
/home/user15/colcon_ws/install/5_tf_static/lib/python3.12/site-packages/5_tf_static/__pycache__/tf_listener.cpython-312.pyc
/home/user15/colcon_ws/install/5_tf_static/lib/python3.12/site-packages/5_tf_static/__pycache__/__init__.cpython-312.pyc
/home/user15/colcon_ws/install/5_tf_static/share/ament_index/resource_index/packages/5_tf_static
/home/user15/colcon_ws/install/5_tf_static/share/5_tf_static/package.xml
/home/user15/colcon_ws/install/5_tf_static/lib/python3.12/site-packages/5_tf_static-0.0.0-py3.12.egg-info/top_level.txt
/home/user15/colcon_ws/install/5_tf_static/lib/python3.12/site-packages/5_tf_static-0.0.0-py3.12.egg-info/zip-safe
/home/user15/colcon_ws/install/5_tf_static/lib/python3.12/site-packages/5_tf_static-0.0.0-py3.12.egg-info/entry_points.txt
/home/user15/colcon_ws/install/5_tf_static/lib/python3.12/site-packages/5_tf_static-0.0.0-py3.12.egg-info/requires.txt
/home/user15/colcon_ws/install/5_tf_static/lib/python3.12/site-packages/5_tf_static-0.0.0-py3.12.egg-info/dependency_links.txt
/home/user15/colcon_ws/install/5_tf_static/lib/python3.12/site-packages/5_tf_static-0.0.0-py3.12.egg-info/SOURCES.txt
/home/user15/colcon_ws/install/5_tf_static/lib/python3.12/site-packages/5_tf_static-0.0.0-py3.12.egg-info/PKG-INFO
/home/user15/colcon_ws/install/5_tf_static/lib/5_tf_static/tf_dynamic
/home/user15/colcon_ws/install/5_tf_static/lib/5_tf_static/tf_listener
/home/user15/colcon_ws/install/5_tf_static/lib/5_tf_static/tf_static
