[0.579s] Invoking command in '/home/user15/colcon_ws/src/6_localize_map': DEBUGINFOD_URLS=https://debuginfod.ubuntu.com PYTHONPATH=/home/user15/colcon_ws/build/6_localize_map/prefix_override:/usr/lib/python3/dist-packages/colcon_core/task/python/colcon_distutils_commands:/home/user15/colcon_ws/install/6_localize_map/lib/python3.12/site-packages: /usr/bin/python3 -W ignore:setup.py install is deprecated -W ignore:easy_install command is deprecated setup.py egg_info --egg-base ../../build/6_localize_map build --build-base /home/user15/colcon_ws/build/6_localize_map/build install --record /home/user15/colcon_ws/build/6_localize_map/install.log --install-scripts $base/lib/6_localize_map --single-version-externally-managed install_data
[0.768s] running egg_info
[0.780s] writing ../../build/6_localize_map/6_localize_map.egg-info/PKG-INFO
[0.780s] writing dependency_links to ../../build/6_localize_map/6_localize_map.egg-info/dependency_links.txt
[0.780s] writing entry points to ../../build/6_localize_map/6_localize_map.egg-info/entry_points.txt
[0.781s] writing requirements to ../../build/6_localize_map/6_localize_map.egg-info/requires.txt
[0.781s] writing top-level names to ../../build/6_localize_map/6_localize_map.egg-info/top_level.txt
[0.803s] reading manifest file '../../build/6_localize_map/6_localize_map.egg-info/SOURCES.txt'
[0.804s] writing manifest file '../../build/6_localize_map/6_localize_map.egg-info/SOURCES.txt'
[0.804s] running build
[0.804s] running build_py
[0.804s] running install
[0.810s] running install_lib
[0.822s] running install_data
[0.822s] copying launch/custom_world_launch.py -> /home/user15/colcon_ws/install/6_localize_map/share/6_localize_map/launch
[0.823s] creating /home/user15/colcon_ws/install/6_localize_map/share/6_localize_map/worlds
[0.823s] copying worlds/custom_world.world -> /home/user15/colcon_ws/install/6_localize_map/share/6_localize_map/worlds
[0.823s] creating /home/user15/colcon_ws/install/6_localize_map/share/6_localize_map/map
[0.823s] copying map/custom_world.yaml -> /home/user15/colcon_ws/install/6_localize_map/share/6_localize_map/map
[0.823s] copying map/custom_world.pgm -> /home/user15/colcon_ws/install/6_localize_map/share/6_localize_map/map
[0.823s] running install_egg_info
[0.835s] removing '/home/user15/colcon_ws/install/6_localize_map/lib/python3.12/site-packages/6_localize_map-0.0.0-py3.12.egg-info' (and everything under it)
[0.836s] Copying ../../build/6_localize_map/6_localize_map.egg-info to /home/user15/colcon_ws/install/6_localize_map/lib/python3.12/site-packages/6_localize_map-0.0.0-py3.12.egg-info
[0.836s] running install_scripts
[0.925s] Installing random_moition script to /home/user15/colcon_ws/install/6_localize_map/lib/6_localize_map
[0.925s] Installing simple_yaw_oa script to /home/user15/colcon_ws/install/6_localize_map/lib/6_localize_map
[0.925s] writing list of installed files to '/home/user15/colcon_ws/build/6_localize_map/install.log'
[0.949s] Invoked command in '/home/user15/colcon_ws/src/6_localize_map' returned '0': DEBUGINFOD_URLS=https://debuginfod.ubuntu.com PYTHONPATH=/home/user15/colcon_ws/build/6_localize_map/prefix_override:/usr/lib/python3/dist-packages/colcon_core/task/python/colcon_distutils_commands:/home/user15/colcon_ws/install/6_localize_map/lib/python3.12/site-packages: /usr/bin/python3 -W ignore:setup.py install is deprecated -W ignore:easy_install command is deprecated setup.py egg_info --egg-base ../../build/6_localize_map build --build-base /home/user15/colcon_ws/build/6_localize_map/build install --record /home/user15/colcon_ws/build/6_localize_map/install.log --install-scripts $base/lib/6_localize_map --single-version-externally-managed install_data
