[0.879s] Invoking command in '/home/user15/colcon_ws/src/6_localize_map': DEBUGINFOD_URLS=https://debuginfod.ubuntu.com PYTHONPATH=/home/user15/colcon_ws/build/6_localize_map/prefix_override:/usr/lib/python3/dist-packages/colcon_core/task/python/colcon_distutils_commands:/home/user15/colcon_ws/install/6_localize_map/lib/python3.12/site-packages: /usr/bin/python3 -W ignore:setup.py install is deprecated -W ignore:easy_install command is deprecated setup.py egg_info --egg-base ../../build/6_localize_map build --build-base /home/user15/colcon_ws/build/6_localize_map/build install --record /home/user15/colcon_ws/build/6_localize_map/install.log --install-scripts $base/lib/6_localize_map --single-version-externally-managed install_data
[1.143s] running egg_info
[1.161s] writing ../../build/6_localize_map/6_localize_map.egg-info/PKG-INFO
[1.161s] writing dependency_links to ../../build/6_localize_map/6_localize_map.egg-info/dependency_links.txt
[1.161s] writing entry points to ../../build/6_localize_map/6_localize_map.egg-info/entry_points.txt
[1.162s] writing requirements to ../../build/6_localize_map/6_localize_map.egg-info/requires.txt
[1.162s] writing top-level names to ../../build/6_localize_map/6_localize_map.egg-info/top_level.txt
[1.193s] reading manifest file '../../build/6_localize_map/6_localize_map.egg-info/SOURCES.txt'
[1.194s] writing manifest file '../../build/6_localize_map/6_localize_map.egg-info/SOURCES.txt'
[1.194s] running build
[1.194s] running build_py
[1.195s] running install
[1.206s] running install_lib
[1.223s] running install_data
[1.223s] copying launch/custom_world_launch.py -> /home/user15/colcon_ws/install/6_localize_map/share/6_localize_map/launch
[1.223s] running install_egg_info
[1.239s] removing '/home/user15/colcon_ws/install/6_localize_map/lib/python3.12/site-packages/6_localize_map-0.0.0-py3.12.egg-info' (and everything under it)
[1.239s] Copying ../../build/6_localize_map/6_localize_map.egg-info to /home/user15/colcon_ws/install/6_localize_map/lib/python3.12/site-packages/6_localize_map-0.0.0-py3.12.egg-info
[1.241s] running install_scripts
[1.367s] Installing random_moition script to /home/user15/colcon_ws/install/6_localize_map/lib/6_localize_map
[1.368s] Installing simple_yaw_oa script to /home/user15/colcon_ws/install/6_localize_map/lib/6_localize_map
[1.368s] writing list of installed files to '/home/user15/colcon_ws/build/6_localize_map/install.log'
[1.417s] Invoked command in '/home/user15/colcon_ws/src/6_localize_map' returned '0': DEBUGINFOD_URLS=https://debuginfod.ubuntu.com PYTHONPATH=/home/user15/colcon_ws/build/6_localize_map/prefix_override:/usr/lib/python3/dist-packages/colcon_core/task/python/colcon_distutils_commands:/home/user15/colcon_ws/install/6_localize_map/lib/python3.12/site-packages: /usr/bin/python3 -W ignore:setup.py install is deprecated -W ignore:easy_install command is deprecated setup.py egg_info --egg-base ../../build/6_localize_map build --build-base /home/user15/colcon_ws/build/6_localize_map/build install --record /home/user15/colcon_ws/build/6_localize_map/install.log --install-scripts $base/lib/6_localize_map --single-version-externally-managed install_data
