[1.478s] Invoking command in '/home/user15/colcon_ws/src/4_avoild_obstacle': DEBUGINFOD_URLS=https://debuginfod.ubuntu.com PYTHONPATH=/home/user15/colcon_ws/build/4_avoild_obstacle/prefix_override:/usr/lib/python3/dist-packages/colcon_core/task/python/colcon_distutils_commands:/home/user15/colcon_ws/install/4_avoild_obstacle/lib/python3.12/site-packages:${PYTHONPATH} /usr/bin/python3 -W ignore:setup.py install is deprecated -W ignore:easy_install command is deprecated setup.py egg_info --egg-base ../../build/4_avoild_obstacle build --build-base /home/user15/colcon_ws/build/4_avoild_obstacle/build install --record /home/user15/colcon_ws/build/4_avoild_obstacle/install.log --install-scripts $base/lib/4_avoild_obstacle --single-version-externally-managed install_data
[1.735s] running egg_info
[1.755s] writing ../../build/4_avoild_obstacle/4_avoild_obstacle.egg-info/PKG-INFO
[1.764s] writing dependency_links to ../../build/4_avoild_obstacle/4_avoild_obstacle.egg-info/dependency_links.txt
[1.765s] writing entry points to ../../build/4_avoild_obstacle/4_avoild_obstacle.egg-info/entry_points.txt
[1.765s] writing requirements to ../../build/4_avoild_obstacle/4_avoild_obstacle.egg-info/requires.txt
[1.765s] writing top-level names to ../../build/4_avoild_obstacle/4_avoild_obstacle.egg-info/top_level.txt
[1.806s] reading manifest file '../../build/4_avoild_obstacle/4_avoild_obstacle.egg-info/SOURCES.txt'
[1.807s] writing manifest file '../../build/4_avoild_obstacle/4_avoild_obstacle.egg-info/SOURCES.txt'
[1.807s] running build
[1.807s] running build_py
[1.808s] running install
[1.813s] running install_lib
[1.835s] running install_data
[1.835s] running install_egg_info
[1.857s] removing '/home/user15/colcon_ws/install/4_avoild_obstacle/lib/python3.12/site-packages/4_avoild_obstacle-0.0.0-py3.12.egg-info' (and everything under it)
[1.857s] Copying ../../build/4_avoild_obstacle/4_avoild_obstacle.egg-info to /home/user15/colcon_ws/install/4_avoild_obstacle/lib/python3.12/site-packages/4_avoild_obstacle-0.0.0-py3.12.egg-info
[1.858s] running install_scripts
[1.985s] Installing avoid_processor script to /home/user15/colcon_ws/install/4_avoild_obstacle/lib/4_avoild_obstacle
[1.986s] Installing lidar_listener script to /home/user15/colcon_ws/install/4_avoild_obstacle/lib/4_avoild_obstacle
[1.986s] writing list of installed files to '/home/user15/colcon_ws/build/4_avoild_obstacle/install.log'
[2.045s] Invoked command in '/home/user15/colcon_ws/src/4_avoild_obstacle' returned '0': DEBUGINFOD_URLS=https://debuginfod.ubuntu.com PYTHONPATH=/home/user15/colcon_ws/build/4_avoild_obstacle/prefix_override:/usr/lib/python3/dist-packages/colcon_core/task/python/colcon_distutils_commands:/home/user15/colcon_ws/install/4_avoild_obstacle/lib/python3.12/site-packages:${PYTHONPATH} /usr/bin/python3 -W ignore:setup.py install is deprecated -W ignore:easy_install command is deprecated setup.py egg_info --egg-base ../../build/4_avoild_obstacle build --build-base /home/user15/colcon_ws/build/4_avoild_obstacle/build install --record /home/user15/colcon_ws/build/4_avoild_obstacle/install.log --install-scripts $base/lib/4_avoild_obstacle --single-version-externally-managed install_data
