[0.138s] DEBUG:colcon:Command line arguments: ['/usr/bin/colcon', 'build']
[0.138s] DEBUG:colcon:Parsed command line arguments: Namespace(log_base=None, log_level=None, verb_name='build', build_base='build', install_base='install', merge_install=False, symlink_install=False, test_result_base=None, continue_on_error=False, executor='parallel', parallel_workers=12, event_handlers=None, ignore_user_meta=False, metas=['./colcon.meta'], base_paths=['.'], packages_ignore=None, packages_ignore_regex=None, paths=None, packages_up_to=None, packages_up_to_regex=None, packages_above=None, packages_above_and_dependencies=None, packages_above_depth=None, packages_select_by_dep=None, packages_skip_by_dep=None, packages_skip_up_to=None, packages_select_build_failed=False, packages_skip_build_finished=False, packages_select_test_failures=False, packages_skip_test_passed=False, packages_select=None, packages_skip=None, packages_select_regex=None, packages_skip_regex=None, packages_start=None, packages_end=None, allow_overriding=[], cmake_args=None, cmake_target=None, cmake_target_skip_unavailable=False, cmake_clean_cache=False, cmake_clean_first=False, cmake_force_configure=False, ament_cmake_args=None, catkin_cmake_args=None, catkin_skip_building_tests=False, mixin_files=None, mixin=None, verb_parser=<colcon_mixin.mixin.mixin_argument.MixinArgumentDecorator object at 0x7d4310f9cb30>, verb_extension=<colcon_core.verb.build.BuildVerb object at 0x7d4310f1e2a0>, main=<bound method BuildVerb.main of <colcon_core.verb.build.BuildVerb object at 0x7d4310f1e2a0>>, mixin_verb=('build',))
[0.180s] Level 1:colcon.colcon_core.package_discovery:discover_packages(colcon_meta) check parameters
[0.180s] Level 1:colcon.colcon_core.package_discovery:discover_packages(recursive) check parameters
[0.180s] Level 1:colcon.colcon_core.package_discovery:discover_packages(ignore) check parameters
[0.180s] Level 1:colcon.colcon_core.package_discovery:discover_packages(path) check parameters
[0.180s] Level 1:colcon.colcon_core.package_discovery:discover_packages(colcon_meta) discover
[0.180s] Level 1:colcon.colcon_core.package_discovery:discover_packages(recursive) discover
[0.180s] INFO:colcon.colcon_core.package_discovery:Crawling recursively for packages in '/home/user08/colcon_ws'
[0.180s] Level 1:colcon.colcon_core.package_identification:_identify(.) by extensions ['ignore', 'ignore_ament_install']
[0.181s] Level 1:colcon.colcon_core.package_identification:_identify(.) by extension 'ignore'
[0.181s] Level 1:colcon.colcon_core.package_identification:_identify(.) by extension 'ignore_ament_install'
[0.181s] Level 1:colcon.colcon_core.package_identification:_identify(.) by extensions ['colcon_pkg']
[0.181s] Level 1:colcon.colcon_core.package_identification:_identify(.) by extension 'colcon_pkg'
[0.181s] Level 1:colcon.colcon_core.package_identification:_identify(.) by extensions ['colcon_meta']
[0.181s] Level 1:colcon.colcon_core.package_identification:_identify(.) by extension 'colcon_meta'
[0.181s] Level 1:colcon.colcon_core.package_identification:_identify(.) by extensions ['ros']
[0.181s] Level 1:colcon.colcon_core.package_identification:_identify(.) by extension 'ros'
[0.209s] Level 1:colcon.colcon_core.package_identification:_identify(.) by extensions ['cmake', 'python']
[0.210s] Level 1:colcon.colcon_core.package_identification:_identify(.) by extension 'cmake'
[0.210s] Level 1:colcon.colcon_core.package_identification:_identify(.) by extension 'python'
[0.210s] Level 1:colcon.colcon_core.package_identification:_identify(.) by extensions ['python_setup_py']
[0.210s] Level 1:colcon.colcon_core.package_identification:_identify(.) by extension 'python_setup_py'
[0.210s] Level 1:colcon.colcon_core.package_identification:_identify(build) by extensions ['ignore', 'ignore_ament_install']
[0.210s] Level 1:colcon.colcon_core.package_identification:_identify(build) by extension 'ignore'
[0.210s] Level 1:colcon.colcon_core.package_identification:_identify(build) ignored
[0.210s] Level 1:colcon.colcon_core.package_identification:_identify(install) by extensions ['ignore', 'ignore_ament_install']
[0.210s] Level 1:colcon.colcon_core.package_identification:_identify(install) by extension 'ignore'
[0.210s] Level 1:colcon.colcon_core.package_identification:_identify(install) ignored
[0.210s] Level 1:colcon.colcon_core.package_identification:_identify(log) by extensions ['ignore', 'ignore_ament_install']
[0.210s] Level 1:colcon.colcon_core.package_identification:_identify(log) by extension 'ignore'
[0.211s] Level 1:colcon.colcon_core.package_identification:_identify(log) ignored
[0.211s] Level 1:colcon.colcon_core.package_identification:_identify(src) by extensions ['ignore', 'ignore_ament_install']
[0.211s] Level 1:colcon.colcon_core.package_identification:_identify(src) by extension 'ignore'
[0.211s] Level 1:colcon.colcon_core.package_identification:_identify(src) by extension 'ignore_ament_install'
[0.211s] Level 1:colcon.colcon_core.package_identification:_identify(src) by extensions ['colcon_pkg']
[0.211s] Level 1:colcon.colcon_core.package_identification:_identify(src) by extension 'colcon_pkg'
[0.211s] Level 1:colcon.colcon_core.package_identification:_identify(src) by extensions ['colcon_meta']
[0.211s] Level 1:colcon.colcon_core.package_identification:_identify(src) by extension 'colcon_meta'
[0.211s] Level 1:colcon.colcon_core.package_identification:_identify(src) by extensions ['ros']
[0.211s] Level 1:colcon.colcon_core.package_identification:_identify(src) by extension 'ros'
[0.211s] Level 1:colcon.colcon_core.package_identification:_identify(src) by extensions ['cmake', 'python']
[0.211s] Level 1:colcon.colcon_core.package_identification:_identify(src) by extension 'cmake'
[0.211s] Level 1:colcon.colcon_core.package_identification:_identify(src) by extension 'python'
[0.211s] Level 1:colcon.colcon_core.package_identification:_identify(src) by extensions ['python_setup_py']
[0.211s] Level 1:colcon.colcon_core.package_identification:_identify(src) by extension 'python_setup_py'
[0.211s] Level 1:colcon.colcon_core.package_identification:_identify(src/1_pub_sub) by extensions ['ignore', 'ignore_ament_install']
[0.212s] Level 1:colcon.colcon_core.package_identification:_identify(src/1_pub_sub) by extension 'ignore'
[0.212s] Level 1:colcon.colcon_core.package_identification:_identify(src/1_pub_sub) by extension 'ignore_ament_install'
[0.212s] Level 1:colcon.colcon_core.package_identification:_identify(src/1_pub_sub) by extensions ['colcon_pkg']
[0.212s] Level 1:colcon.colcon_core.package_identification:_identify(src/1_pub_sub) by extension 'colcon_pkg'
[0.212s] Level 1:colcon.colcon_core.package_identification:_identify(src/1_pub_sub) by extensions ['colcon_meta']
[0.212s] Level 1:colcon.colcon_core.package_identification:_identify(src/1_pub_sub) by extension 'colcon_meta'
[0.212s] Level 1:colcon.colcon_core.package_identification:_identify(src/1_pub_sub) by extensions ['ros']
[0.212s] Level 1:colcon.colcon_core.package_identification:_identify(src/1_pub_sub) by extension 'ros'
[0.215s] DEBUG:colcon.colcon_core.package_identification:Package 'src/1_pub_sub' with type 'ros.ament_python' and name '1_pub_sub'
[0.215s] Level 1:colcon.colcon_core.package_identification:_identify(src/4_avoild_obstacle) by extensions ['ignore', 'ignore_ament_install']
[0.215s] Level 1:colcon.colcon_core.package_identification:_identify(src/4_avoild_obstacle) by extension 'ignore'
[0.215s] Level 1:colcon.colcon_core.package_identification:_identify(src/4_avoild_obstacle) by extension 'ignore_ament_install'
[0.215s] Level 1:colcon.colcon_core.package_identification:_identify(src/4_avoild_obstacle) by extensions ['colcon_pkg']
[0.215s] Level 1:colcon.colcon_core.package_identification:_identify(src/4_avoild_obstacle) by extension 'colcon_pkg'
[0.215s] Level 1:colcon.colcon_core.package_identification:_identify(src/4_avoild_obstacle) by extensions ['colcon_meta']
[0.215s] Level 1:colcon.colcon_core.package_identification:_identify(src/4_avoild_obstacle) by extension 'colcon_meta'
[0.215s] Level 1:colcon.colcon_core.package_identification:_identify(src/4_avoild_obstacle) by extensions ['ros']
[0.215s] Level 1:colcon.colcon_core.package_identification:_identify(src/4_avoild_obstacle) by extension 'ros'
[0.216s] DEBUG:colcon.colcon_core.package_identification:Package 'src/4_avoild_obstacle' with type 'ros.ament_python' and name '4_avoild_obstacle'
[0.216s] Level 1:colcon.colcon_core.package_identification:_identify(src/5_tf_static) by extensions ['ignore', 'ignore_ament_install']
[0.216s] Level 1:colcon.colcon_core.package_identification:_identify(src/5_tf_static) by extension 'ignore'
[0.216s] Level 1:colcon.colcon_core.package_identification:_identify(src/5_tf_static) by extension 'ignore_ament_install'
[0.216s] Level 1:colcon.colcon_core.package_identification:_identify(src/5_tf_static) by extensions ['colcon_pkg']
[0.216s] Level 1:colcon.colcon_core.package_identification:_identify(src/5_tf_static) by extension 'colcon_pkg'
[0.216s] Level 1:colcon.colcon_core.package_identification:_identify(src/5_tf_static) by extensions ['colcon_meta']
[0.217s] Level 1:colcon.colcon_core.package_identification:_identify(src/5_tf_static) by extension 'colcon_meta'
[0.217s] Level 1:colcon.colcon_core.package_identification:_identify(src/5_tf_static) by extensions ['ros']
[0.217s] Level 1:colcon.colcon_core.package_identification:_identify(src/5_tf_static) by extension 'ros'
[0.217s] DEBUG:colcon.colcon_core.package_identification:Package 'src/5_tf_static' with type 'ros.ament_python' and name '5_tf_static'
[0.217s] Level 1:colcon.colcon_core.package_identification:_identify(src/6_localize_map) by extensions ['ignore', 'ignore_ament_install']
[0.218s] Level 1:colcon.colcon_core.package_identification:_identify(src/6_localize_map) by extension 'ignore'
[0.218s] Level 1:colcon.colcon_core.package_identification:_identify(src/6_localize_map) by extension 'ignore_ament_install'
[0.218s] Level 1:colcon.colcon_core.package_identification:_identify(src/6_localize_map) by extensions ['colcon_pkg']
[0.218s] Level 1:colcon.colcon_core.package_identification:_identify(src/6_localize_map) by extension 'colcon_pkg'
[0.218s] Level 1:colcon.colcon_core.package_identification:_identify(src/6_localize_map) by extensions ['colcon_meta']
[0.218s] Level 1:colcon.colcon_core.package_identification:_identify(src/6_localize_map) by extension 'colcon_meta'
[0.218s] Level 1:colcon.colcon_core.package_identification:_identify(src/6_localize_map) by extensions ['ros']
[0.218s] Level 1:colcon.colcon_core.package_identification:_identify(src/6_localize_map) by extension 'ros'
[0.219s] DEBUG:colcon.colcon_core.package_identification:Package 'src/6_localize_map' with type 'ros.ament_python' and name '6_localize_map'
[0.219s] Level 1:colcon.colcon_core.package_discovery:discover_packages(recursive) using defaults
[0.219s] Level 1:colcon.colcon_core.package_discovery:discover_packages(ignore) discover
[0.219s] Level 1:colcon.colcon_core.package_discovery:discover_packages(ignore) using defaults
[0.219s] Level 1:colcon.colcon_core.package_discovery:discover_packages(path) discover
[0.219s] Level 1:colcon.colcon_core.package_discovery:discover_packages(path) using defaults
[0.240s] Level 1:colcon.colcon_core.package_discovery:discover_packages(prefix_path) check parameters
[0.240s] Level 1:colcon.colcon_core.package_discovery:discover_packages(prefix_path) discover
[0.242s] DEBUG:colcon.colcon_installed_package_information.package_discovery:Found 4 installed packages in /home/user08/colcon_ws/install
[0.243s] DEBUG:colcon.colcon_installed_package_information.package_discovery:Found 395 installed packages in /opt/ros/jazzy
[0.246s] Level 1:colcon.colcon_core.package_discovery:discover_packages(prefix_path) using defaults
[0.305s] Level 5:colcon.colcon_core.verb:set package '1_pub_sub' build argument 'cmake_args' from command line to 'None'
[0.305s] Level 5:colcon.colcon_core.verb:set package '1_pub_sub' build argument 'cmake_target' from command line to 'None'
[0.305s] Level 5:colcon.colcon_core.verb:set package '1_pub_sub' build argument 'cmake_target_skip_unavailable' from command line to 'False'
[0.305s] Level 5:colcon.colcon_core.verb:set package '1_pub_sub' build argument 'cmake_clean_cache' from command line to 'False'
[0.305s] Level 5:colcon.colcon_core.verb:set package '1_pub_sub' build argument 'cmake_clean_first' from command line to 'False'
[0.305s] Level 5:colcon.colcon_core.verb:set package '1_pub_sub' build argument 'cmake_force_configure' from command line to 'False'
[0.305s] Level 5:colcon.colcon_core.verb:set package '1_pub_sub' build argument 'ament_cmake_args' from command line to 'None'
[0.305s] Level 5:colcon.colcon_core.verb:set package '1_pub_sub' build argument 'catkin_cmake_args' from command line to 'None'
[0.305s] Level 5:colcon.colcon_core.verb:set package '1_pub_sub' build argument 'catkin_skip_building_tests' from command line to 'False'
[0.306s] DEBUG:colcon.colcon_core.verb:Building package '1_pub_sub' with the following arguments: {'ament_cmake_args': None, 'build_base': '/home/user08/colcon_ws/build/1_pub_sub', 'catkin_cmake_args': None, 'catkin_skip_building_tests': False, 'cmake_args': None, 'cmake_clean_cache': False, 'cmake_clean_first': False, 'cmake_force_configure': False, 'cmake_target': None, 'cmake_target_skip_unavailable': False, 'install_base': '/home/user08/colcon_ws/install/1_pub_sub', 'merge_install': False, 'path': '/home/user08/colcon_ws/src/1_pub_sub', 'symlink_install': False, 'test_result_base': None}
[0.306s] Level 5:colcon.colcon_core.verb:set package '4_avoild_obstacle' build argument 'cmake_args' from command line to 'None'
[0.306s] Level 5:colcon.colcon_core.verb:set package '4_avoild_obstacle' build argument 'cmake_target' from command line to 'None'
[0.306s] Level 5:colcon.colcon_core.verb:set package '4_avoild_obstacle' build argument 'cmake_target_skip_unavailable' from command line to 'False'
[0.306s] Level 5:colcon.colcon_core.verb:set package '4_avoild_obstacle' build argument 'cmake_clean_cache' from command line to 'False'
[0.306s] Level 5:colcon.colcon_core.verb:set package '4_avoild_obstacle' build argument 'cmake_clean_first' from command line to 'False'
[0.306s] Level 5:colcon.colcon_core.verb:set package '4_avoild_obstacle' build argument 'cmake_force_configure' from command line to 'False'
[0.306s] Level 5:colcon.colcon_core.verb:set package '4_avoild_obstacle' build argument 'ament_cmake_args' from command line to 'None'
[0.306s] Level 5:colcon.colcon_core.verb:set package '4_avoild_obstacle' build argument 'catkin_cmake_args' from command line to 'None'
[0.306s] Level 5:colcon.colcon_core.verb:set package '4_avoild_obstacle' build argument 'catkin_skip_building_tests' from command line to 'False'
[0.306s] DEBUG:colcon.colcon_core.verb:Building package '4_avoild_obstacle' with the following arguments: {'ament_cmake_args': None, 'build_base': '/home/user08/colcon_ws/build/4_avoild_obstacle', 'catkin_cmake_args': None, 'catkin_skip_building_tests': False, 'cmake_args': None, 'cmake_clean_cache': False, 'cmake_clean_first': False, 'cmake_force_configure': False, 'cmake_target': None, 'cmake_target_skip_unavailable': False, 'install_base': '/home/user08/colcon_ws/install/4_avoild_obstacle', 'merge_install': False, 'path': '/home/user08/colcon_ws/src/4_avoild_obstacle', 'symlink_install': False, 'test_result_base': None}
[0.306s] Level 5:colcon.colcon_core.verb:set package '5_tf_static' build argument 'cmake_args' from command line to 'None'
[0.306s] Level 5:colcon.colcon_core.verb:set package '5_tf_static' build argument 'cmake_target' from command line to 'None'
[0.306s] Level 5:colcon.colcon_core.verb:set package '5_tf_static' build argument 'cmake_target_skip_unavailable' from command line to 'False'
[0.306s] Level 5:colcon.colcon_core.verb:set package '5_tf_static' build argument 'cmake_clean_cache' from command line to 'False'
[0.306s] Level 5:colcon.colcon_core.verb:set package '5_tf_static' build argument 'cmake_clean_first' from command line to 'False'
[0.306s] Level 5:colcon.colcon_core.verb:set package '5_tf_static' build argument 'cmake_force_configure' from command line to 'False'
[0.306s] Level 5:colcon.colcon_core.verb:set package '5_tf_static' build argument 'ament_cmake_args' from command line to 'None'
[0.306s] Level 5:colcon.colcon_core.verb:set package '5_tf_static' build argument 'catkin_cmake_args' from command line to 'None'
[0.306s] Level 5:colcon.colcon_core.verb:set package '5_tf_static' build argument 'catkin_skip_building_tests' from command line to 'False'
[0.306s] DEBUG:colcon.colcon_core.verb:Building package '5_tf_static' with the following arguments: {'ament_cmake_args': None, 'build_base': '/home/user08/colcon_ws/build/5_tf_static', 'catkin_cmake_args': None, 'catkin_skip_building_tests': False, 'cmake_args': None, 'cmake_clean_cache': False, 'cmake_clean_first': False, 'cmake_force_configure': False, 'cmake_target': None, 'cmake_target_skip_unavailable': False, 'install_base': '/home/user08/colcon_ws/install/5_tf_static', 'merge_install': False, 'path': '/home/user08/colcon_ws/src/5_tf_static', 'symlink_install': False, 'test_result_base': None}
[0.307s] Level 5:colcon.colcon_core.verb:set package '6_localize_map' build argument 'cmake_args' from command line to 'None'
[0.307s] Level 5:colcon.colcon_core.verb:set package '6_localize_map' build argument 'cmake_target' from command line to 'None'
[0.307s] Level 5:colcon.colcon_core.verb:set package '6_localize_map' build argument 'cmake_target_skip_unavailable' from command line to 'False'
[0.307s] Level 5:colcon.colcon_core.verb:set package '6_localize_map' build argument 'cmake_clean_cache' from command line to 'False'
[0.307s] Level 5:colcon.colcon_core.verb:set package '6_localize_map' build argument 'cmake_clean_first' from command line to 'False'
[0.307s] Level 5:colcon.colcon_core.verb:set package '6_localize_map' build argument 'cmake_force_configure' from command line to 'False'
[0.307s] Level 5:colcon.colcon_core.verb:set package '6_localize_map' build argument 'ament_cmake_args' from command line to 'None'
[0.307s] Level 5:colcon.colcon_core.verb:set package '6_localize_map' build argument 'catkin_cmake_args' from command line to 'None'
[0.307s] Level 5:colcon.colcon_core.verb:set package '6_localize_map' build argument 'catkin_skip_building_tests' from command line to 'False'
[0.307s] DEBUG:colcon.colcon_core.verb:Building package '6_localize_map' with the following arguments: {'ament_cmake_args': None, 'build_base': '/home/user08/colcon_ws/build/6_localize_map', 'catkin_cmake_args': None, 'catkin_skip_building_tests': False, 'cmake_args': None, 'cmake_clean_cache': False, 'cmake_clean_first': False, 'cmake_force_configure': False, 'cmake_target': None, 'cmake_target_skip_unavailable': False, 'install_base': '/home/user08/colcon_ws/install/6_localize_map', 'merge_install': False, 'path': '/home/user08/colcon_ws/src/6_localize_map', 'symlink_install': False, 'test_result_base': None}
[0.307s] INFO:colcon.colcon_core.executor:Executing jobs using 'parallel' executor
[0.308s] DEBUG:colcon.colcon_parallel_executor.executor.parallel:run_until_complete
[0.308s] INFO:colcon.colcon_ros.task.ament_python.build:Building ROS package in '/home/user08/colcon_ws/src/1_pub_sub' with build type 'ament_python'
[0.308s] Level 1:colcon.colcon_core.shell:create_environment_hook('1_pub_sub', 'ament_prefix_path')
[0.310s] INFO:colcon.colcon_core.plugin_system:Skipping extension 'colcon_core.shell.bat': Not used on non-Windows systems
[0.310s] INFO:colcon.colcon_core.shell:Creating environment hook '/home/user08/colcon_ws/install/1_pub_sub/share/1_pub_sub/hook/ament_prefix_path.ps1'
[0.311s] INFO:colcon.colcon_core.shell:Creating environment descriptor '/home/user08/colcon_ws/install/1_pub_sub/share/1_pub_sub/hook/ament_prefix_path.dsv'
[0.311s] INFO:colcon.colcon_core.shell:Creating environment hook '/home/user08/colcon_ws/install/1_pub_sub/share/1_pub_sub/hook/ament_prefix_path.sh'
[0.311s] INFO:colcon.colcon_core.shell:Skip shell extension 'powershell' for command environment: Not usable outside of PowerShell
[0.312s] DEBUG:colcon.colcon_core.shell:Skip shell extension 'dsv' for command environment
[0.315s] INFO:colcon.colcon_ros.task.ament_python.build:Building ROS package in '/home/user08/colcon_ws/src/4_avoild_obstacle' with build type 'ament_python'
[0.315s] Level 1:colcon.colcon_core.shell:create_environment_hook('4_avoild_obstacle', 'ament_prefix_path')
[0.316s] INFO:colcon.colcon_core.shell:Creating environment hook '/home/user08/colcon_ws/install/4_avoild_obstacle/share/4_avoild_obstacle/hook/ament_prefix_path.ps1'
[0.316s] INFO:colcon.colcon_core.shell:Creating environment descriptor '/home/user08/colcon_ws/install/4_avoild_obstacle/share/4_avoild_obstacle/hook/ament_prefix_path.dsv'
[0.316s] INFO:colcon.colcon_core.shell:Creating environment hook '/home/user08/colcon_ws/install/4_avoild_obstacle/share/4_avoild_obstacle/hook/ament_prefix_path.sh'
[0.317s] INFO:colcon.colcon_core.shell:Skip shell extension 'powershell' for command environment: Not usable outside of PowerShell
[0.317s] DEBUG:colcon.colcon_core.shell:Skip shell extension 'dsv' for command environment
[0.321s] INFO:colcon.colcon_ros.task.ament_python.build:Building ROS package in '/home/user08/colcon_ws/src/5_tf_static' with build type 'ament_python'
[0.321s] Level 1:colcon.colcon_core.shell:create_environment_hook('5_tf_static', 'ament_prefix_path')
[0.321s] INFO:colcon.colcon_core.shell:Creating environment hook '/home/user08/colcon_ws/install/5_tf_static/share/5_tf_static/hook/ament_prefix_path.ps1'
[0.322s] INFO:colcon.colcon_core.shell:Creating environment descriptor '/home/user08/colcon_ws/install/5_tf_static/share/5_tf_static/hook/ament_prefix_path.dsv'
[0.322s] INFO:colcon.colcon_core.shell:Creating environment hook '/home/user08/colcon_ws/install/5_tf_static/share/5_tf_static/hook/ament_prefix_path.sh'
[0.323s] INFO:colcon.colcon_core.shell:Skip shell extension 'powershell' for command environment: Not usable outside of PowerShell
[0.323s] DEBUG:colcon.colcon_core.shell:Skip shell extension 'dsv' for command environment
[0.327s] INFO:colcon.colcon_ros.task.ament_python.build:Building ROS package in '/home/user08/colcon_ws/src/6_localize_map' with build type 'ament_python'
[0.327s] Level 1:colcon.colcon_core.shell:create_environment_hook('6_localize_map', 'ament_prefix_path')
[0.327s] INFO:colcon.colcon_core.shell:Creating environment hook '/home/user08/colcon_ws/install/6_localize_map/share/6_localize_map/hook/ament_prefix_path.ps1'
[0.328s] INFO:colcon.colcon_core.shell:Creating environment descriptor '/home/user08/colcon_ws/install/6_localize_map/share/6_localize_map/hook/ament_prefix_path.dsv'
[0.328s] INFO:colcon.colcon_core.shell:Creating environment hook '/home/user08/colcon_ws/install/6_localize_map/share/6_localize_map/hook/ament_prefix_path.sh'
[0.329s] INFO:colcon.colcon_core.shell:Skip shell extension 'powershell' for command environment: Not usable outside of PowerShell
[0.329s] DEBUG:colcon.colcon_core.shell:Skip shell extension 'dsv' for command environment
[0.544s] INFO:colcon.colcon_core.task.python.build:Building Python package in '/home/user08/colcon_ws/src/1_pub_sub'
[0.544s] INFO:colcon.colcon_core.shell:Skip shell extension 'powershell' for command environment: Not usable outside of PowerShell
[0.544s] DEBUG:colcon.colcon_core.shell:Skip shell extension 'dsv' for command environment
[0.751s] INFO:colcon.colcon_core.task.python.build:Building Python package in '/home/user08/colcon_ws/src/4_avoild_obstacle'
[0.751s] INFO:colcon.colcon_core.shell:Skip shell extension 'powershell' for command environment: Not usable outside of PowerShell
[0.751s] DEBUG:colcon.colcon_core.shell:Skip shell extension 'dsv' for command environment
[0.958s] INFO:colcon.colcon_core.task.python.build:Building Python package in '/home/user08/colcon_ws/src/5_tf_static'
[0.958s] INFO:colcon.colcon_core.shell:Skip shell extension 'powershell' for command environment: Not usable outside of PowerShell
[0.958s] DEBUG:colcon.colcon_core.shell:Skip shell extension 'dsv' for command environment
[1.196s] INFO:colcon.colcon_core.task.python.build:Building Python package in '/home/user08/colcon_ws/src/6_localize_map'
[1.196s] INFO:colcon.colcon_core.shell:Skip shell extension 'powershell' for command environment: Not usable outside of PowerShell
[1.196s] DEBUG:colcon.colcon_core.shell:Skip shell extension 'dsv' for command environment
[1.831s] DEBUG:colcon.colcon_core.event_handler.log_command:Invoking command in '/home/user08/colcon_ws/src/4_avoild_obstacle': DEBUGINFOD_URLS=https://debuginfod.ubuntu.com PYTHONPATH=/home/user08/colcon_ws/build/4_avoild_obstacle/prefix_override:/usr/lib/python3/dist-packages/colcon_core/task/python/colcon_distutils_commands:/home/user08/colcon_ws/install/4_avoild_obstacle/lib/python3.12/site-packages:${PYTHONPATH} /usr/bin/python3 -W ignore:setup.py install is deprecated -W ignore:easy_install command is deprecated setup.py egg_info --egg-base ../../build/4_avoild_obstacle build --build-base /home/user08/colcon_ws/build/4_avoild_obstacle/build install --record /home/user08/colcon_ws/build/4_avoild_obstacle/install.log --single-version-externally-managed install_data
[1.835s] DEBUG:colcon.colcon_core.event_handler.log_command:Invoking command in '/home/user08/colcon_ws/src/5_tf_static': DEBUGINFOD_URLS=https://debuginfod.ubuntu.com PYTHONPATH=/home/user08/colcon_ws/build/5_tf_static/prefix_override:/usr/lib/python3/dist-packages/colcon_core/task/python/colcon_distutils_commands:/home/user08/colcon_ws/install/5_tf_static/lib/python3.12/site-packages:${PYTHONPATH} /usr/bin/python3 -W ignore:setup.py install is deprecated -W ignore:easy_install command is deprecated setup.py egg_info --egg-base ../../build/5_tf_static build --build-base /home/user08/colcon_ws/build/5_tf_static/build install --record /home/user08/colcon_ws/build/5_tf_static/install.log --single-version-externally-managed install_data
[1.836s] DEBUG:colcon.colcon_core.event_handler.log_command:Invoking command in '/home/user08/colcon_ws/src/1_pub_sub': DEBUGINFOD_URLS=https://debuginfod.ubuntu.com PYTHONPATH=/home/user08/colcon_ws/build/1_pub_sub/prefix_override:/usr/lib/python3/dist-packages/colcon_core/task/python/colcon_distutils_commands:/home/user08/colcon_ws/install/1_pub_sub/lib/python3.12/site-packages:${PYTHONPATH} /usr/bin/python3 -W ignore:setup.py install is deprecated -W ignore:easy_install command is deprecated setup.py egg_info --egg-base ../../build/1_pub_sub build --build-base /home/user08/colcon_ws/build/1_pub_sub/build install --record /home/user08/colcon_ws/build/1_pub_sub/install.log --single-version-externally-managed install_data
[1.885s] DEBUG:colcon.colcon_core.event_handler.log_command:Invoking command in '/home/user08/colcon_ws/src/6_localize_map': DEBUGINFOD_URLS=https://debuginfod.ubuntu.com PYTHONPATH=/home/user08/colcon_ws/build/6_localize_map/prefix_override:/usr/lib/python3/dist-packages/colcon_core/task/python/colcon_distutils_commands:/home/user08/colcon_ws/install/6_localize_map/lib/python3.12/site-packages:${PYTHONPATH} /usr/bin/python3 -W ignore:setup.py install is deprecated -W ignore:easy_install command is deprecated setup.py egg_info --egg-base ../../build/6_localize_map build --build-base /home/user08/colcon_ws/build/6_localize_map/build install --record /home/user08/colcon_ws/build/6_localize_map/install.log --single-version-externally-managed install_data
[2.416s] DEBUG:colcon.colcon_core.event_handler.log_command:Invoked command in '/home/user08/colcon_ws/src/1_pub_sub' returned '0': DEBUGINFOD_URLS=https://debuginfod.ubuntu.com PYTHONPATH=/home/user08/colcon_ws/build/1_pub_sub/prefix_override:/usr/lib/python3/dist-packages/colcon_core/task/python/colcon_distutils_commands:/home/user08/colcon_ws/install/1_pub_sub/lib/python3.12/site-packages:${PYTHONPATH} /usr/bin/python3 -W ignore:setup.py install is deprecated -W ignore:easy_install command is deprecated setup.py egg_info --egg-base ../../build/1_pub_sub build --build-base /home/user08/colcon_ws/build/1_pub_sub/build install --record /home/user08/colcon_ws/build/1_pub_sub/install.log --single-version-externally-managed install_data
[2.418s] Level 1:colcon.colcon_core.environment:checking '/home/user08/colcon_ws/install/1_pub_sub' for CMake module files
[2.419s] Level 1:colcon.colcon_core.environment:checking '/home/user08/colcon_ws/install/1_pub_sub' for CMake config files
[2.420s] Level 1:colcon.colcon_core.environment:checking '/home/user08/colcon_ws/install/1_pub_sub/lib'
[2.420s] Level 1:colcon.colcon_core.environment:checking '/home/user08/colcon_ws/install/1_pub_sub/bin'
[2.420s] Level 1:colcon.colcon_core.environment:checking '/home/user08/colcon_ws/install/1_pub_sub/lib/pkgconfig/1_pub_sub.pc'
[2.421s] Level 1:colcon.colcon_core.environment:checking '/home/user08/colcon_ws/install/1_pub_sub/lib/python3.12/site-packages'
[2.421s] Level 1:colcon.colcon_core.shell:create_environment_hook('1_pub_sub', 'pythonpath')
[2.421s] INFO:colcon.colcon_core.shell:Creating environment hook '/home/user08/colcon_ws/install/1_pub_sub/share/1_pub_sub/hook/pythonpath.ps1'
[2.422s] INFO:colcon.colcon_core.shell:Creating environment descriptor '/home/user08/colcon_ws/install/1_pub_sub/share/1_pub_sub/hook/pythonpath.dsv'
[2.422s] INFO:colcon.colcon_core.shell:Creating environment hook '/home/user08/colcon_ws/install/1_pub_sub/share/1_pub_sub/hook/pythonpath.sh'
[2.424s] Level 1:colcon.colcon_core.environment:checking '/home/user08/colcon_ws/install/1_pub_sub/bin'
[2.424s] Level 1:colcon.colcon_core.environment:create_environment_scripts_only(1_pub_sub)
[2.424s] INFO:colcon.colcon_core.shell:Creating package script '/home/user08/colcon_ws/install/1_pub_sub/share/1_pub_sub/package.ps1'
[2.426s] INFO:colcon.colcon_core.shell:Creating package descriptor '/home/user08/colcon_ws/install/1_pub_sub/share/1_pub_sub/package.dsv'
[2.427s] INFO:colcon.colcon_core.shell:Creating package script '/home/user08/colcon_ws/install/1_pub_sub/share/1_pub_sub/package.sh'
[2.428s] INFO:colcon.colcon_core.shell:Creating package script '/home/user08/colcon_ws/install/1_pub_sub/share/1_pub_sub/package.bash'
[2.429s] INFO:colcon.colcon_core.shell:Creating package script '/home/user08/colcon_ws/install/1_pub_sub/share/1_pub_sub/package.zsh'
[2.429s] Level 1:colcon.colcon_core.environment:create_file_with_runtime_dependencies(/home/user08/colcon_ws/install/1_pub_sub/share/colcon-core/packages/1_pub_sub)
[2.443s] Level 1:colcon.colcon_core.environment:checking '/home/user08/colcon_ws/install/4_avoild_obstacle' for CMake module files
[2.444s] DEBUG:colcon.colcon_core.event_handler.log_command:Invoked command in '/home/user08/colcon_ws/src/4_avoild_obstacle' returned '0': DEBUGINFOD_URLS=https://debuginfod.ubuntu.com PYTHONPATH=/home/user08/colcon_ws/build/4_avoild_obstacle/prefix_override:/usr/lib/python3/dist-packages/colcon_core/task/python/colcon_distutils_commands:/home/user08/colcon_ws/install/4_avoild_obstacle/lib/python3.12/site-packages:${PYTHONPATH} /usr/bin/python3 -W ignore:setup.py install is deprecated -W ignore:easy_install command is deprecated setup.py egg_info --egg-base ../../build/4_avoild_obstacle build --build-base /home/user08/colcon_ws/build/4_avoild_obstacle/build install --record /home/user08/colcon_ws/build/4_avoild_obstacle/install.log --single-version-externally-managed install_data
[2.444s] Level 1:colcon.colcon_core.environment:checking '/home/user08/colcon_ws/install/4_avoild_obstacle' for CMake config files
[2.444s] Level 1:colcon.colcon_core.environment:checking '/home/user08/colcon_ws/install/4_avoild_obstacle/lib'
[2.445s] Level 1:colcon.colcon_core.environment:checking '/home/user08/colcon_ws/install/4_avoild_obstacle/bin'
[2.445s] Level 1:colcon.colcon_core.environment:checking '/home/user08/colcon_ws/install/4_avoild_obstacle/lib/pkgconfig/4_avoild_obstacle.pc'
[2.445s] Level 1:colcon.colcon_core.environment:checking '/home/user08/colcon_ws/install/4_avoild_obstacle/lib/python3.12/site-packages'
[2.445s] Level 1:colcon.colcon_core.shell:create_environment_hook('4_avoild_obstacle', 'pythonpath')
[2.445s] INFO:colcon.colcon_core.shell:Creating environment hook '/home/user08/colcon_ws/install/4_avoild_obstacle/share/4_avoild_obstacle/hook/pythonpath.ps1'
[2.446s] INFO:colcon.colcon_core.shell:Creating environment descriptor '/home/user08/colcon_ws/install/4_avoild_obstacle/share/4_avoild_obstacle/hook/pythonpath.dsv'
[2.446s] INFO:colcon.colcon_core.shell:Creating environment hook '/home/user08/colcon_ws/install/4_avoild_obstacle/share/4_avoild_obstacle/hook/pythonpath.sh'
[2.447s] Level 1:colcon.colcon_core.environment:checking '/home/user08/colcon_ws/install/4_avoild_obstacle/bin'
[2.447s] Level 1:colcon.colcon_core.environment:create_environment_scripts_only(4_avoild_obstacle)
[2.447s] INFO:colcon.colcon_core.shell:Creating package script '/home/user08/colcon_ws/install/4_avoild_obstacle/share/4_avoild_obstacle/package.ps1'
[2.447s] INFO:colcon.colcon_core.shell:Creating package descriptor '/home/user08/colcon_ws/install/4_avoild_obstacle/share/4_avoild_obstacle/package.dsv'
[2.448s] INFO:colcon.colcon_core.shell:Creating package script '/home/user08/colcon_ws/install/4_avoild_obstacle/share/4_avoild_obstacle/package.sh'
[2.448s] INFO:colcon.colcon_core.shell:Creating package script '/home/user08/colcon_ws/install/4_avoild_obstacle/share/4_avoild_obstacle/package.bash'
[2.449s] INFO:colcon.colcon_core.shell:Creating package script '/home/user08/colcon_ws/install/4_avoild_obstacle/share/4_avoild_obstacle/package.zsh'
[2.449s] Level 1:colcon.colcon_core.environment:create_file_with_runtime_dependencies(/home/user08/colcon_ws/install/4_avoild_obstacle/share/colcon-core/packages/4_avoild_obstacle)
[2.450s] Level 1:colcon.colcon_core.environment:checking '/home/user08/colcon_ws/install/5_tf_static' for CMake module files
[2.451s] DEBUG:colcon.colcon_core.event_handler.log_command:Invoked command in '/home/user08/colcon_ws/src/5_tf_static' returned '0': DEBUGINFOD_URLS=https://debuginfod.ubuntu.com PYTHONPATH=/home/user08/colcon_ws/build/5_tf_static/prefix_override:/usr/lib/python3/dist-packages/colcon_core/task/python/colcon_distutils_commands:/home/user08/colcon_ws/install/5_tf_static/lib/python3.12/site-packages:${PYTHONPATH} /usr/bin/python3 -W ignore:setup.py install is deprecated -W ignore:easy_install command is deprecated setup.py egg_info --egg-base ../../build/5_tf_static build --build-base /home/user08/colcon_ws/build/5_tf_static/build install --record /home/user08/colcon_ws/build/5_tf_static/install.log --single-version-externally-managed install_data
[2.451s] Level 1:colcon.colcon_core.environment:checking '/home/user08/colcon_ws/install/5_tf_static' for CMake config files
[2.452s] Level 1:colcon.colcon_core.environment:checking '/home/user08/colcon_ws/install/5_tf_static/lib'
[2.452s] Level 1:colcon.colcon_core.environment:checking '/home/user08/colcon_ws/install/5_tf_static/bin'
[2.452s] Level 1:colcon.colcon_core.environment:checking '/home/user08/colcon_ws/install/5_tf_static/lib/pkgconfig/5_tf_static.pc'
[2.452s] Level 1:colcon.colcon_core.environment:checking '/home/user08/colcon_ws/install/5_tf_static/lib/python3.12/site-packages'
[2.452s] Level 1:colcon.colcon_core.shell:create_environment_hook('5_tf_static', 'pythonpath')
[2.452s] INFO:colcon.colcon_core.shell:Creating environment hook '/home/user08/colcon_ws/install/5_tf_static/share/5_tf_static/hook/pythonpath.ps1'
[2.453s] INFO:colcon.colcon_core.shell:Creating environment descriptor '/home/user08/colcon_ws/install/5_tf_static/share/5_tf_static/hook/pythonpath.dsv'
[2.453s] INFO:colcon.colcon_core.shell:Creating environment hook '/home/user08/colcon_ws/install/5_tf_static/share/5_tf_static/hook/pythonpath.sh'
[2.454s] Level 1:colcon.colcon_core.environment:checking '/home/user08/colcon_ws/install/5_tf_static/bin'
[2.454s] Level 1:colcon.colcon_core.environment:create_environment_scripts_only(5_tf_static)
[2.454s] INFO:colcon.colcon_core.shell:Creating package script '/home/user08/colcon_ws/install/5_tf_static/share/5_tf_static/package.ps1'
[2.455s] INFO:colcon.colcon_core.shell:Creating package descriptor '/home/user08/colcon_ws/install/5_tf_static/share/5_tf_static/package.dsv'
[2.455s] INFO:colcon.colcon_core.shell:Creating package script '/home/user08/colcon_ws/install/5_tf_static/share/5_tf_static/package.sh'
[2.455s] INFO:colcon.colcon_core.shell:Creating package script '/home/user08/colcon_ws/install/5_tf_static/share/5_tf_static/package.bash'
[2.456s] INFO:colcon.colcon_core.shell:Creating package script '/home/user08/colcon_ws/install/5_tf_static/share/5_tf_static/package.zsh'
[2.456s] Level 1:colcon.colcon_core.environment:create_file_with_runtime_dependencies(/home/user08/colcon_ws/install/5_tf_static/share/colcon-core/packages/5_tf_static)
[2.486s] Level 1:colcon.colcon_core.environment:checking '/home/user08/colcon_ws/install/6_localize_map' for CMake module files
[2.487s] DEBUG:colcon.colcon_core.event_handler.log_command:Invoked command in '/home/user08/colcon_ws/src/6_localize_map' returned '0': DEBUGINFOD_URLS=https://debuginfod.ubuntu.com PYTHONPATH=/home/user08/colcon_ws/build/6_localize_map/prefix_override:/usr/lib/python3/dist-packages/colcon_core/task/python/colcon_distutils_commands:/home/user08/colcon_ws/install/6_localize_map/lib/python3.12/site-packages:${PYTHONPATH} /usr/bin/python3 -W ignore:setup.py install is deprecated -W ignore:easy_install command is deprecated setup.py egg_info --egg-base ../../build/6_localize_map build --build-base /home/user08/colcon_ws/build/6_localize_map/build install --record /home/user08/colcon_ws/build/6_localize_map/install.log --single-version-externally-managed install_data
[2.487s] Level 1:colcon.colcon_core.environment:checking '/home/user08/colcon_ws/install/6_localize_map' for CMake config files
[2.488s] Level 1:colcon.colcon_core.environment:checking '/home/user08/colcon_ws/install/6_localize_map/lib'
[2.488s] Level 1:colcon.colcon_core.environment:checking '/home/user08/colcon_ws/install/6_localize_map/bin'
[2.488s] Level 1:colcon.colcon_core.environment:checking '/home/user08/colcon_ws/install/6_localize_map/lib/pkgconfig/6_localize_map.pc'
[2.488s] Level 1:colcon.colcon_core.environment:checking '/home/user08/colcon_ws/install/6_localize_map/lib/python3.12/site-packages'
[2.488s] Level 1:colcon.colcon_core.shell:create_environment_hook('6_localize_map', 'pythonpath')
[2.489s] INFO:colcon.colcon_core.shell:Creating environment hook '/home/user08/colcon_ws/install/6_localize_map/share/6_localize_map/hook/pythonpath.ps1'
[2.489s] INFO:colcon.colcon_core.shell:Creating environment descriptor '/home/user08/colcon_ws/install/6_localize_map/share/6_localize_map/hook/pythonpath.dsv'
[2.489s] INFO:colcon.colcon_core.shell:Creating environment hook '/home/user08/colcon_ws/install/6_localize_map/share/6_localize_map/hook/pythonpath.sh'
[2.490s] Level 1:colcon.colcon_core.environment:checking '/home/user08/colcon_ws/install/6_localize_map/bin'
[2.490s] Level 1:colcon.colcon_core.environment:create_environment_scripts_only(6_localize_map)
[2.490s] INFO:colcon.colcon_core.shell:Creating package script '/home/user08/colcon_ws/install/6_localize_map/share/6_localize_map/package.ps1'
[2.491s] INFO:colcon.colcon_core.shell:Creating package descriptor '/home/user08/colcon_ws/install/6_localize_map/share/6_localize_map/package.dsv'
[2.491s] INFO:colcon.colcon_core.shell:Creating package script '/home/user08/colcon_ws/install/6_localize_map/share/6_localize_map/package.sh'
[2.492s] INFO:colcon.colcon_core.shell:Creating package script '/home/user08/colcon_ws/install/6_localize_map/share/6_localize_map/package.bash'
[2.492s] INFO:colcon.colcon_core.shell:Creating package script '/home/user08/colcon_ws/install/6_localize_map/share/6_localize_map/package.zsh'
[2.492s] Level 1:colcon.colcon_core.environment:create_file_with_runtime_dependencies(/home/user08/colcon_ws/install/6_localize_map/share/colcon-core/packages/6_localize_map)
[2.492s] DEBUG:colcon.colcon_parallel_executor.executor.parallel:closing loop
[2.493s] DEBUG:colcon.colcon_parallel_executor.executor.parallel:loop closed
[2.493s] DEBUG:colcon.colcon_parallel_executor.executor.parallel:run_until_complete finished with '0'
[2.493s] DEBUG:colcon.colcon_core.event_reactor:joining thread
[2.498s] INFO:colcon.colcon_core.plugin_system:Skipping extension 'colcon_notification.desktop_notification.terminal_notifier': Not used on non-Darwin systems
[2.498s] INFO:colcon.colcon_core.plugin_system:Skipping extension 'colcon_notification.desktop_notification.win32': Not used on non-Windows systems
[2.498s] INFO:colcon.colcon_notification.desktop_notification:Sending desktop notification using 'notify2'
[2.509s] DEBUG:colcon.colcon_core.event_reactor:joined thread
[2.509s] INFO:colcon.colcon_core.shell:Creating prefix script '/home/user08/colcon_ws/install/local_setup.ps1'
[2.510s] INFO:colcon.colcon_core.shell:Creating prefix util module '/home/user08/colcon_ws/install/_local_setup_util_ps1.py'
[2.511s] INFO:colcon.colcon_core.shell:Creating prefix chain script '/home/user08/colcon_ws/install/setup.ps1'
[2.512s] INFO:colcon.colcon_core.shell:Creating prefix script '/home/user08/colcon_ws/install/local_setup.sh'
[2.513s] INFO:colcon.colcon_core.shell:Creating prefix util module '/home/user08/colcon_ws/install/_local_setup_util_sh.py'
[2.513s] INFO:colcon.colcon_core.shell:Creating prefix chain script '/home/user08/colcon_ws/install/setup.sh'
[2.515s] INFO:colcon.colcon_core.shell:Creating prefix script '/home/user08/colcon_ws/install/local_setup.bash'
[2.515s] INFO:colcon.colcon_core.shell:Creating prefix chain script '/home/user08/colcon_ws/install/setup.bash'
[2.517s] INFO:colcon.colcon_core.shell:Creating prefix script '/home/user08/colcon_ws/install/local_setup.zsh'
[2.518s] INFO:colcon.colcon_core.shell:Creating prefix chain script '/home/user08/colcon_ws/install/setup.zsh'
