[1.612s] Invoking command in '/home/user08/colcon_ws/src/6_localize_map': DEBUGINFOD_URLS=https://debuginfod.ubuntu.com PYTHONPATH=/home/user08/colcon_ws/build/6_localize_map/prefix_override:/usr/lib/python3/dist-packages/colcon_core/task/python/colcon_distutils_commands:/home/user08/colcon_ws/install/6_localize_map/lib/python3.12/site-packages:${PYTHONPATH} /usr/bin/python3 -W ignore:setup.py install is deprecated -W ignore:easy_install command is deprecated setup.py egg_info --egg-base ../../build/6_localize_map build --build-base /home/user08/colcon_ws/build/6_localize_map/build install --record /home/user08/colcon_ws/build/6_localize_map/install.log --single-version-externally-managed install_data
[1.932s] running egg_info
[1.958s] writing ../../build/6_localize_map/6_localize_map.egg-info/PKG-INFO
[1.958s] writing dependency_links to ../../build/6_localize_map/6_localize_map.egg-info/dependency_links.txt
[1.958s] writing entry points to ../../build/6_localize_map/6_localize_map.egg-info/entry_points.txt
[1.958s] writing requirements to ../../build/6_localize_map/6_localize_map.egg-info/requires.txt
[1.959s] writing top-level names to ../../build/6_localize_map/6_localize_map.egg-info/top_level.txt
[2.006s] reading manifest file '../../build/6_localize_map/6_localize_map.egg-info/SOURCES.txt'
[2.007s] writing manifest file '../../build/6_localize_map/6_localize_map.egg-info/SOURCES.txt'
[2.007s] running build
[2.007s] running build_py
[2.007s] running install
[2.014s] running install_lib
[2.038s] running install_data
[2.038s] running install_egg_info
[2.064s] removing '/home/user08/colcon_ws/install/6_localize_map/lib/python3.12/site-packages/6_localize_map-0.0.0-py3.12.egg-info' (and everything under it)
[2.064s] Copying ../../build/6_localize_map/6_localize_map.egg-info to /home/user08/colcon_ws/install/6_localize_map/lib/python3.12/site-packages/6_localize_map-0.0.0-py3.12.egg-info
[2.065s] running install_scripts
[2.235s] Installing random_moition script to /home/user08/colcon_ws/install/6_localize_map/lib/6_localize_map
[2.235s] Installing simple_yaw_oa script to /home/user08/colcon_ws/install/6_localize_map/lib/6_localize_map
[2.235s] writing list of installed files to '/home/user08/colcon_ws/build/6_localize_map/install.log'
[2.313s] Invoked command in '/home/user08/colcon_ws/src/6_localize_map' returned '0': DEBUGINFOD_URLS=https://debuginfod.ubuntu.com PYTHONPATH=/home/user08/colcon_ws/build/6_localize_map/prefix_override:/usr/lib/python3/dist-packages/colcon_core/task/python/colcon_distutils_commands:/home/user08/colcon_ws/install/6_localize_map/lib/python3.12/site-packages:${PYTHONPATH} /usr/bin/python3 -W ignore:setup.py install is deprecated -W ignore:easy_install command is deprecated setup.py egg_info --egg-base ../../build/6_localize_map build --build-base /home/user08/colcon_ws/build/6_localize_map/build install --record /home/user08/colcon_ws/build/6_localize_map/install.log --single-version-externally-managed install_data
