/home/user15/colcon_ws/install/6_localize_map/lib/python3.12/site-packages/6_localize_map/initial_pose_pub.py
/home/user15/colcon_ws/install/6_localize_map/lib/python3.12/site-packages/6_localize_map/random_moition.py
/home/user15/colcon_ws/install/6_localize_map/lib/python3.12/site-packages/6_localize_map/__init__.py
/home/user15/colcon_ws/install/6_localize_map/lib/python3.12/site-packages/6_localize_map/simple_yaw_oa.py
/home/user15/colcon_ws/install/6_localize_map/lib/python3.12/site-packages/6_localize_map/__pycache__/initial_pose_pub.cpython-312.pyc
/home/user15/colcon_ws/install/6_localize_map/lib/python3.12/site-packages/6_localize_map/__pycache__/random_moition.cpython-312.pyc
/home/user15/colcon_ws/install/6_localize_map/lib/python3.12/site-packages/6_localize_map/__pycache__/__init__.cpython-312.pyc
/home/user15/colcon_ws/install/6_localize_map/lib/python3.12/site-packages/6_localize_map/__pycache__/simple_yaw_oa.cpython-312.pyc
/home/user15/colcon_ws/install/6_localize_map/share/ament_index/resource_index/packages/6_localize_map
/home/user15/colcon_ws/install/6_localize_map/share/6_localize_map/package.xml
/home/user15/colcon_ws/install/6_localize_map/share/6_localize_map/launch/custom_world_launch.py
/home/user15/colcon_ws/install/6_localize_map/share/6_localize_map/launch/localize_map_launch.py
/home/user15/colcon_ws/install/6_localize_map/share/6_localize_map/worlds/custom_world.world
/home/user15/colcon_ws/install/6_localize_map/share/6_localize_map/map/custom_world.yaml
/home/user15/colcon_ws/install/6_localize_map/share/6_localize_map/map/custom_world.pgm
/home/user15/colcon_ws/install/6_localize_map/share/6_localize_map/config/custom_nav2.rviz
/home/user15/colcon_ws/install/6_localize_map/share/6_localize_map/config/ekf.yaml
/home/user15/colcon_ws/install/6_localize_map/share/6_localize_map/models/turtlebot3_burger/model.sdf
/home/user15/colcon_ws/install/6_localize_map/lib/python3.12/site-packages/6_localize_map-0.0.0-py3.12.egg-info/top_level.txt
/home/user15/colcon_ws/install/6_localize_map/lib/python3.12/site-packages/6_localize_map-0.0.0-py3.12.egg-info/zip-safe
/home/user15/colcon_ws/install/6_localize_map/lib/python3.12/site-packages/6_localize_map-0.0.0-py3.12.egg-info/entry_points.txt
/home/user15/colcon_ws/install/6_localize_map/lib/python3.12/site-packages/6_localize_map-0.0.0-py3.12.egg-info/requires.txt
/home/user15/colcon_ws/install/6_localize_map/lib/python3.12/site-packages/6_localize_map-0.0.0-py3.12.egg-info/dependency_links.txt
/home/user15/colcon_ws/install/6_localize_map/lib/python3.12/site-packages/6_localize_map-0.0.0-py3.12.egg-info/SOURCES.txt
/home/user15/colcon_ws/install/6_localize_map/lib/python3.12/site-packages/6_localize_map-0.0.0-py3.12.egg-info/PKG-INFO
/home/user15/colcon_ws/install/6_localize_map/lib/6_localize_map/initial_pose_pub
/home/user15/colcon_ws/install/6_localize_map/lib/6_localize_map/random_moition
/home/user15/colcon_ws/install/6_localize_map/lib/6_localize_map/simple_yaw_oa
