/home/user15/colcon_ws/install/1_pub_sub/lib/python3.12/site-packages/1_pub_sub/subscriber.py
/home/user15/colcon_ws/install/1_pub_sub/lib/python3.12/site-packages/1_pub_sub/__init__.py
/home/user15/colcon_ws/install/1_pub_sub/lib/python3.12/site-packages/1_pub_sub/publisher.py
/home/user15/colcon_ws/install/1_pub_sub/lib/python3.12/site-packages/1_pub_sub/processor.py
/home/user15/colcon_ws/install/1_pub_sub/lib/python3.12/site-packages/1_pub_sub/__pycache__/subscriber.cpython-312.pyc
/home/user15/colcon_ws/install/1_pub_sub/lib/python3.12/site-packages/1_pub_sub/__pycache__/__init__.cpython-312.pyc
/home/user15/colcon_ws/install/1_pub_sub/lib/python3.12/site-packages/1_pub_sub/__pycache__/publisher.cpython-312.pyc
/home/user15/colcon_ws/install/1_pub_sub/lib/python3.12/site-packages/1_pub_sub/__pycache__/processor.cpython-312.pyc
/home/user15/colcon_ws/install/1_pub_sub/share/ament_index/resource_index/packages/1_pub_sub
/home/user15/colcon_ws/install/1_pub_sub/share/1_pub_sub/package.xml
/home/user15/colcon_ws/install/1_pub_sub/share/1_pub_sub/launch/pub_sub_launch.py
/home/user15/colcon_ws/install/1_pub_sub/lib/python3.12/site-packages/1_pub_sub-0.0.0-py3.12.egg-info/top_level.txt
/home/user15/colcon_ws/install/1_pub_sub/lib/python3.12/site-packages/1_pub_sub-0.0.0-py3.12.egg-info/zip-safe
/home/user15/colcon_ws/install/1_pub_sub/lib/python3.12/site-packages/1_pub_sub-0.0.0-py3.12.egg-info/entry_points.txt
/home/user15/colcon_ws/install/1_pub_sub/lib/python3.12/site-packages/1_pub_sub-0.0.0-py3.12.egg-info/requires.txt
/home/user15/colcon_ws/install/1_pub_sub/lib/python3.12/site-packages/1_pub_sub-0.0.0-py3.12.egg-info/dependency_links.txt
/home/user15/colcon_ws/install/1_pub_sub/lib/python3.12/site-packages/1_pub_sub-0.0.0-py3.12.egg-info/SOURCES.txt
/home/user15/colcon_ws/install/1_pub_sub/lib/python3.12/site-packages/1_pub_sub-0.0.0-py3.12.egg-info/PKG-INFO
/home/user15/colcon_ws/install/1_pub_sub/lib/1_pub_sub/processor
/home/user15/colcon_ws/install/1_pub_sub/lib/1_pub_sub/publisher
/home/user15/colcon_ws/install/1_pub_sub/lib/1_pub_sub/subscriber
