[1.528s] Invoking command in '/home/user08/colcon_ws/src/1_pub_sub': DEBUGINFOD_URLS=https://debuginfod.ubuntu.com PYTHONPATH=/home/user08/colcon_ws/build/1_pub_sub/prefix_override:/usr/lib/python3/dist-packages/colcon_core/task/python/colcon_distutils_commands:/home/user08/colcon_ws/install/1_pub_sub/lib/python3.12/site-packages:${PYTHONPATH} /usr/bin/python3 -W ignore:setup.py install is deprecated -W ignore:easy_install command is deprecated setup.py egg_info --egg-base ../../build/1_pub_sub build --build-base /home/user08/colcon_ws/build/1_pub_sub/build install --record /home/user08/colcon_ws/build/1_pub_sub/install.log --single-version-externally-managed install_data
[1.810s] running egg_info
[1.833s] writing ../../build/1_pub_sub/1_pub_sub.egg-info/PKG-INFO
[1.834s] writing dependency_links to ../../build/1_pub_sub/1_pub_sub.egg-info/dependency_links.txt
[1.834s] writing entry points to ../../build/1_pub_sub/1_pub_sub.egg-info/entry_points.txt
[1.834s] writing requirements to ../../build/1_pub_sub/1_pub_sub.egg-info/requires.txt
[1.834s] writing top-level names to ../../build/1_pub_sub/1_pub_sub.egg-info/top_level.txt
[1.878s] reading manifest file '../../build/1_pub_sub/1_pub_sub.egg-info/SOURCES.txt'
[1.878s] writing manifest file '../../build/1_pub_sub/1_pub_sub.egg-info/SOURCES.txt'
[1.879s] running build
[1.879s] running build_py
[1.879s] running install
[1.885s] running install_lib
[1.907s] running install_data
[1.907s] running install_egg_info
[1.931s] removing '/home/user08/colcon_ws/install/1_pub_sub/lib/python3.12/site-packages/1_pub_sub-0.0.0-py3.12.egg-info' (and everything under it)
[1.931s] Copying ../../build/1_pub_sub/1_pub_sub.egg-info to /home/user08/colcon_ws/install/1_pub_sub/lib/python3.12/site-packages/1_pub_sub-0.0.0-py3.12.egg-info
[1.932s] running install_scripts
[2.070s] Installing processor script to /home/user08/colcon_ws/install/1_pub_sub/lib/1_pub_sub
[2.070s] Installing publisher script to /home/user08/colcon_ws/install/1_pub_sub/lib/1_pub_sub
[2.070s] Installing subscriber script to /home/user08/colcon_ws/install/1_pub_sub/lib/1_pub_sub
[2.070s] writing list of installed files to '/home/user08/colcon_ws/build/1_pub_sub/install.log'
[2.107s] Invoked command in '/home/user08/colcon_ws/src/1_pub_sub' returned '0': DEBUGINFOD_URLS=https://debuginfod.ubuntu.com PYTHONPATH=/home/user08/colcon_ws/build/1_pub_sub/prefix_override:/usr/lib/python3/dist-packages/colcon_core/task/python/colcon_distutils_commands:/home/user08/colcon_ws/install/1_pub_sub/lib/python3.12/site-packages:${PYTHONPATH} /usr/bin/python3 -W ignore:setup.py install is deprecated -W ignore:easy_install command is deprecated setup.py egg_info --egg-base ../../build/1_pub_sub build --build-base /home/user08/colcon_ws/build/1_pub_sub/build install --record /home/user08/colcon_ws/build/1_pub_sub/install.log --single-version-externally-managed install_data
