running egg_info
writing ../../build/5_tf_static/5_tf_static.egg-info/PKG-INFO
writing dependency_links to ../../build/5_tf_static/5_tf_static.egg-info/dependency_links.txt
writing entry points to ../../build/5_tf_static/5_tf_static.egg-info/entry_points.txt
writing requirements to ../../build/5_tf_static/5_tf_static.egg-info/requires.txt
writing top-level names to ../../build/5_tf_static/5_tf_static.egg-info/top_level.txt
reading manifest file '../../build/5_tf_static/5_tf_static.egg-info/SOURCES.txt'
writing manifest file '../../build/5_tf_static/5_tf_static.egg-info/SOURCES.txt'
running build
running build_py
running install
running install_lib
running install_data
running install_egg_info
removing '/home/user15/colcon_ws/install/5_tf_static/lib/python3.12/site-packages/5_tf_static-0.0.0-py3.12.egg-info' (and everything under it)
Copying ../../build/5_tf_static/5_tf_static.egg-info to /home/user15/colcon_ws/install/5_tf_static/lib/python3.12/site-packages/5_tf_static-0.0.0-py3.12.egg-info
running install_scripts
Installing tf_dynamic script to /home/user15/colcon_ws/install/5_tf_static/lib/5_tf_static
Installing tf_listener script to /home/user15/colcon_ws/install/5_tf_static/lib/5_tf_static
Installing tf_static script to /home/user15/colcon_ws/install/5_tf_static/lib/5_tf_static
writing list of installed files to '/home/user15/colcon_ws/build/5_tf_static/install.log'
