[1.476s] Invoking command in '/home/user15/colcon_ws/src/5_tf_static': DEBUGINFOD_URLS=https://debuginfod.ubuntu.com PYTHONPATH=/home/user15/colcon_ws/build/5_tf_static/prefix_override:/usr/lib/python3/dist-packages/colcon_core/task/python/colcon_distutils_commands:/home/user15/colcon_ws/install/5_tf_static/lib/python3.12/site-packages:${PYTHONPATH} /usr/bin/python3 -W ignore:setup.py install is deprecated -W ignore:easy_install command is deprecated setup.py egg_info --egg-base ../../build/5_tf_static build --build-base /home/user15/colcon_ws/build/5_tf_static/build install --record /home/user15/colcon_ws/build/5_tf_static/install.log --install-scripts $base/lib/5_tf_static --single-version-externally-managed install_data
[1.736s] running egg_info
[1.756s] writing ../../build/5_tf_static/5_tf_static.egg-info/PKG-INFO
[1.760s] writing dependency_links to ../../build/5_tf_static/5_tf_static.egg-info/dependency_links.txt
[1.760s] writing entry points to ../../build/5_tf_static/5_tf_static.egg-info/entry_points.txt
[1.761s] writing requirements to ../../build/5_tf_static/5_tf_static.egg-info/requires.txt
[1.761s] writing top-level names to ../../build/5_tf_static/5_tf_static.egg-info/top_level.txt
[1.802s] reading manifest file '../../build/5_tf_static/5_tf_static.egg-info/SOURCES.txt'
[1.803s] writing manifest file '../../build/5_tf_static/5_tf_static.egg-info/SOURCES.txt'
[1.803s] running build
[1.803s] running build_py
[1.804s] running install
[1.810s] running install_lib
[1.832s] running install_data
[1.832s] running install_egg_info
[1.853s] removing '/home/user15/colcon_ws/install/5_tf_static/lib/python3.12/site-packages/5_tf_static-0.0.0-py3.12.egg-info' (and everything under it)
[1.854s] Copying ../../build/5_tf_static/5_tf_static.egg-info to /home/user15/colcon_ws/install/5_tf_static/lib/python3.12/site-packages/5_tf_static-0.0.0-py3.12.egg-info
[1.854s] running install_scripts
[1.982s] Installing tf_dynamic script to /home/user15/colcon_ws/install/5_tf_static/lib/5_tf_static
[1.982s] Installing tf_listener script to /home/user15/colcon_ws/install/5_tf_static/lib/5_tf_static
[1.982s] Installing tf_static script to /home/user15/colcon_ws/install/5_tf_static/lib/5_tf_static
[1.982s] writing list of installed files to '/home/user15/colcon_ws/build/5_tf_static/install.log'
[2.030s] Invoked command in '/home/user15/colcon_ws/src/5_tf_static' returned '0': DEBUGINFOD_URLS=https://debuginfod.ubuntu.com PYTHONPATH=/home/user15/colcon_ws/build/5_tf_static/prefix_override:/usr/lib/python3/dist-packages/colcon_core/task/python/colcon_distutils_commands:/home/user15/colcon_ws/install/5_tf_static/lib/python3.12/site-packages:${PYTHONPATH} /usr/bin/python3 -W ignore:setup.py install is deprecated -W ignore:easy_install command is deprecated setup.py egg_info --egg-base ../../build/5_tf_static build --build-base /home/user15/colcon_ws/build/5_tf_static/build install --record /home/user15/colcon_ws/build/5_tf_static/install.log --install-scripts $base/lib/5_tf_static --single-version-externally-managed install_data
