[1.410s] Invoking command in '/home/user08/colcon_ws/src/5_tf_static': DEBUGINFOD_URLS=https://debuginfod.ubuntu.com PYTHONPATH=/home/user08/colcon_ws/build/5_tf_static/prefix_override:/usr/lib/python3/dist-packages/colcon_core/task/python/colcon_distutils_commands:/home/user08/colcon_ws/install/5_tf_static/lib/python3.12/site-packages:${PYTHONPATH} /usr/bin/python3 -W ignore:setup.py install is deprecated -W ignore:easy_install command is deprecated setup.py egg_info --egg-base ../../build/5_tf_static build --build-base /home/user08/colcon_ws/build/5_tf_static/build install --record /home/user08/colcon_ws/build/5_tf_static/install.log --single-version-externally-managed install_data
[1.679s] running egg_info
[1.702s] writing ../../build/5_tf_static/5_tf_static.egg-info/PKG-INFO
[1.702s] writing dependency_links to ../../build/5_tf_static/5_tf_static.egg-info/dependency_links.txt
[1.703s] writing entry points to ../../build/5_tf_static/5_tf_static.egg-info/entry_points.txt
[1.703s] writing requirements to ../../build/5_tf_static/5_tf_static.egg-info/requires.txt
[1.703s] writing top-level names to ../../build/5_tf_static/5_tf_static.egg-info/top_level.txt
[1.749s] reading manifest file '../../build/5_tf_static/5_tf_static.egg-info/SOURCES.txt'
[1.750s] writing manifest file '../../build/5_tf_static/5_tf_static.egg-info/SOURCES.txt'
[1.750s] running build
[1.750s] running build_py
[1.750s] running install
[1.756s] running install_lib
[1.780s] running install_data
[1.780s] running install_egg_info
[1.805s] removing '/home/user08/colcon_ws/install/5_tf_static/lib/python3.12/site-packages/5_tf_static-0.0.0-py3.12.egg-info' (and everything under it)
[1.805s] Copying ../../build/5_tf_static/5_tf_static.egg-info to /home/user08/colcon_ws/install/5_tf_static/lib/python3.12/site-packages/5_tf_static-0.0.0-py3.12.egg-info
[1.806s] running install_scripts
[1.939s] Installing tf_dynamic script to /home/user08/colcon_ws/install/5_tf_static/lib/5_tf_static
[1.939s] Installing tf_listener script to /home/user08/colcon_ws/install/5_tf_static/lib/5_tf_static
[1.939s] Installing tf_static script to /home/user08/colcon_ws/install/5_tf_static/lib/5_tf_static
[1.939s] writing list of installed files to '/home/user08/colcon_ws/build/5_tf_static/install.log'
