running egg_info
writing ../../build/1_pub_sub/1_pub_sub.egg-info/PKG-INFO
writing dependency_links to ../../build/1_pub_sub/1_pub_sub.egg-info/dependency_links.txt
writing entry points to ../../build/1_pub_sub/1_pub_sub.egg-info/entry_points.txt
writing requirements to ../../build/1_pub_sub/1_pub_sub.egg-info/requires.txt
writing top-level names to ../../build/1_pub_sub/1_pub_sub.egg-info/top_level.txt
reading manifest file '../../build/1_pub_sub/1_pub_sub.egg-info/SOURCES.txt'
writing manifest file '../../build/1_pub_sub/1_pub_sub.egg-info/SOURCES.txt'
running build
running build_py
running install
running install_lib
running install_data
running install_egg_info
removing '/home/user15/colcon_ws/install/1_pub_sub/lib/python3.12/site-packages/1_pub_sub-0.0.0-py3.12.egg-info' (and everything under it)
Copying ../../build/1_pub_sub/1_pub_sub.egg-info to /home/user15/colcon_ws/install/1_pub_sub/lib/python3.12/site-packages/1_pub_sub-0.0.0-py3.12.egg-info
running install_scripts
Installing processor script to /home/user15/colcon_ws/install/1_pub_sub/lib/1_pub_sub
Installing publisher script to /home/user15/colcon_ws/install/1_pub_sub/lib/1_pub_sub
Installing subscriber script to /home/user15/colcon_ws/install/1_pub_sub/lib/1_pub_sub
writing list of installed files to '/home/user15/colcon_ws/build/1_pub_sub/install.log'
