[1.491s] Invoking command in '/home/user15/colcon_ws/src/1_pub_sub': DEBUGINFOD_URLS=https://debuginfod.ubuntu.com PYTHONPATH=/home/user15/colcon_ws/build/1_pub_sub/prefix_override:/usr/lib/python3/dist-packages/colcon_core/task/python/colcon_distutils_commands:/home/user15/colcon_ws/install/1_pub_sub/lib/python3.12/site-packages:${PYTHONPATH} /usr/bin/python3 -W ignore:setup.py install is deprecated -W ignore:easy_install command is deprecated setup.py egg_info --egg-base ../../build/1_pub_sub build --build-base /home/user15/colcon_ws/build/1_pub_sub/build install --record /home/user15/colcon_ws/build/1_pub_sub/install.log --install-scripts $base/lib/1_pub_sub --single-version-externally-managed install_data
[1.754s] running egg_info
[1.775s] writing ../../build/1_pub_sub/1_pub_sub.egg-info/PKG-INFO
[1.775s] writing dependency_links to ../../build/1_pub_sub/1_pub_sub.egg-info/dependency_links.txt
[1.775s] writing entry points to ../../build/1_pub_sub/1_pub_sub.egg-info/entry_points.txt
[1.775s] writing requirements to ../../build/1_pub_sub/1_pub_sub.egg-info/requires.txt
[1.776s] writing top-level names to ../../build/1_pub_sub/1_pub_sub.egg-info/top_level.txt
[1.818s] reading manifest file '../../build/1_pub_sub/1_pub_sub.egg-info/SOURCES.txt'
[1.819s] writing manifest file '../../build/1_pub_sub/1_pub_sub.egg-info/SOURCES.txt'
[1.819s] running build
[1.819s] running build_py
[1.820s] running install
[1.826s] running install_lib
[1.848s] running install_data
[1.848s] running install_egg_info
[1.870s] removing '/home/user15/colcon_ws/install/1_pub_sub/lib/python3.12/site-packages/1_pub_sub-0.0.0-py3.12.egg-info' (and everything under it)
[1.870s] Copying ../../build/1_pub_sub/1_pub_sub.egg-info to /home/user15/colcon_ws/install/1_pub_sub/lib/python3.12/site-packages/1_pub_sub-0.0.0-py3.12.egg-info
[1.871s] running install_scripts
[2.003s] Installing processor script to /home/user15/colcon_ws/install/1_pub_sub/lib/1_pub_sub
[2.003s] Installing publisher script to /home/user15/colcon_ws/install/1_pub_sub/lib/1_pub_sub
[2.004s] Installing subscriber script to /home/user15/colcon_ws/install/1_pub_sub/lib/1_pub_sub
[2.004s] writing list of installed files to '/home/user15/colcon_ws/build/1_pub_sub/install.log'
[2.059s] Invoked command in '/home/user15/colcon_ws/src/1_pub_sub' returned '0': DEBUGINFOD_URLS=https://debuginfod.ubuntu.com PYTHONPATH=/home/user15/colcon_ws/build/1_pub_sub/prefix_override:/usr/lib/python3/dist-packages/colcon_core/task/python/colcon_distutils_commands:/home/user15/colcon_ws/install/1_pub_sub/lib/python3.12/site-packages:${PYTHONPATH} /usr/bin/python3 -W ignore:setup.py install is deprecated -W ignore:easy_install command is deprecated setup.py egg_info --egg-base ../../build/1_pub_sub build --build-base /home/user15/colcon_ws/build/1_pub_sub/build install --record /home/user15/colcon_ws/build/1_pub_sub/install.log --install-scripts $base/lib/1_pub_sub --single-version-externally-managed install_data
