[0.094s] DEBUG:colcon:Command line arguments: ['/usr/bin/colcon', 'build', '--packages-select', '6_localize_map']
[0.094s] DEBUG:colcon:Parsed command line arguments: Namespace(log_base=None, log_level=None, verb_name='build', build_base='build', install_base='install', merge_install=False, symlink_install=False, test_result_base=None, continue_on_error=False, executor='parallel', parallel_workers=12, event_handlers=None, ignore_user_meta=False, metas=['./colcon.meta'], base_paths=['.'], packages_ignore=None, packages_ignore_regex=None, paths=None, packages_up_to=None, packages_up_to_regex=None, packages_above=None, packages_above_and_dependencies=None, packages_above_depth=None, packages_select_by_dep=None, packages_skip_by_dep=None, packages_skip_up_to=None, packages_select_build_failed=False, packages_skip_build_finished=False, packages_select_test_failures=False, packages_skip_test_passed=False, packages_select=['6_localize_map'], packages_skip=None, packages_select_regex=None, packages_skip_regex=None, packages_start=None, packages_end=None, allow_overriding=[], cmake_args=None, cmake_target=None, cmake_target_skip_unavailable=False, cmake_clean_cache=False, cmake_clean_first=False, cmake_force_configure=False, ament_cmake_args=None, catkin_cmake_args=None, catkin_skip_building_tests=False, mixin_files=None, mixin=None, verb_parser=<colcon_mixin.mixin.mixin_argument.MixinArgumentDecorator object at 0x7b740c5f7410>, verb_extension=<colcon_core.verb.build.BuildVerb object at 0x7b740c5f70b0>, main=<bound method BuildVerb.main of <colcon_core.verb.build.BuildVerb object at 0x7b740c5f70b0>>, mixin_verb=('build',))
[0.129s] Level 1:colcon.colcon_core.package_discovery:discover_packages(colcon_meta) check parameters
[0.129s] Level 1:colcon.colcon_core.package_discovery:discover_packages(recursive) check parameters
[0.129s] Level 1:colcon.colcon_core.package_discovery:discover_packages(ignore) check parameters
[0.129s] Level 1:colcon.colcon_core.package_discovery:discover_packages(path) check parameters
[0.129s] Level 1:colcon.colcon_core.package_discovery:discover_packages(colcon_meta) discover
[0.129s] Level 1:colcon.colcon_core.package_discovery:discover_packages(recursive) discover
[0.129s] INFO:colcon.colcon_core.package_discovery:Crawling recursively for packages in '/home/user15/colcon_ws'
[0.129s] Level 1:colcon.colcon_core.package_identification:_identify(.) by extensions ['ignore', 'ignore_ament_install']
[0.129s] Level 1:colcon.colcon_core.package_identification:_identify(.) by extension 'ignore'
[0.129s] Level 1:colcon.colcon_core.package_identification:_identify(.) by extension 'ignore_ament_install'
[0.129s] Level 1:colcon.colcon_core.package_identification:_identify(.) by extensions ['colcon_pkg']
[0.129s] Level 1:colcon.colcon_core.package_identification:_identify(.) by extension 'colcon_pkg'
[0.129s] Level 1:colcon.colcon_core.package_identification:_identify(.) by extensions ['colcon_meta']
[0.130s] Level 1:colcon.colcon_core.package_identification:_identify(.) by extension 'colcon_meta'
[0.130s] Level 1:colcon.colcon_core.package_identification:_identify(.) by extensions ['ros']
[0.130s] Level 1:colcon.colcon_core.package_identification:_identify(.) by extension 'ros'
[0.152s] Level 1:colcon.colcon_core.package_identification:_identify(.) by extensions ['cmake', 'python']
[0.152s] Level 1:colcon.colcon_core.package_identification:_identify(.) by extension 'cmake'
[0.153s] Level 1:colcon.colcon_core.package_identification:_identify(.) by extension 'python'
[0.153s] Level 1:colcon.colcon_core.package_identification:_identify(.) by extensions ['python_setup_py']
[0.153s] Level 1:colcon.colcon_core.package_identification:_identify(.) by extension 'python_setup_py'
[0.153s] Level 1:colcon.colcon_core.package_identification:_identify(build) by extensions ['ignore', 'ignore_ament_install']
[0.153s] Level 1:colcon.colcon_core.package_identification:_identify(build) by extension 'ignore'
[0.153s] Level 1:colcon.colcon_core.package_identification:_identify(build) ignored
[0.153s] Level 1:colcon.colcon_core.package_identification:_identify(install) by extensions ['ignore', 'ignore_ament_install']
[0.153s] Level 1:colcon.colcon_core.package_identification:_identify(install) by extension 'ignore'
[0.153s] Level 1:colcon.colcon_core.package_identification:_identify(install) ignored
[0.153s] Level 1:colcon.colcon_core.package_identification:_identify(log) by extensions ['ignore', 'ignore_ament_install']
[0.153s] Level 1:colcon.colcon_core.package_identification:_identify(log) by extension 'ignore'
[0.153s] Level 1:colcon.colcon_core.package_identification:_identify(log) ignored
[0.153s] Level 1:colcon.colcon_core.package_identification:_identify(map) by extensions ['ignore', 'ignore_ament_install']
[0.154s] Level 1:colcon.colcon_core.package_identification:_identify(map) by extension 'ignore'
[0.154s] Level 1:colcon.colcon_core.package_identification:_identify(map) by extension 'ignore_ament_install'
[0.154s] Level 1:colcon.colcon_core.package_identification:_identify(map) by extensions ['colcon_pkg']
[0.154s] Level 1:colcon.colcon_core.package_identification:_identify(map) by extension 'colcon_pkg'
[0.154s] Level 1:colcon.colcon_core.package_identification:_identify(map) by extensions ['colcon_meta']
[0.154s] Level 1:colcon.colcon_core.package_identification:_identify(map) by extension 'colcon_meta'
[0.154s] Level 1:colcon.colcon_core.package_identification:_identify(map) by extensions ['ros']
[0.154s] Level 1:colcon.colcon_core.package_identification:_identify(map) by extension 'ros'
[0.154s] Level 1:colcon.colcon_core.package_identification:_identify(map) by extensions ['cmake', 'python']
[0.154s] Level 1:colcon.colcon_core.package_identification:_identify(map) by extension 'cmake'
[0.154s] Level 1:colcon.colcon_core.package_identification:_identify(map) by extension 'python'
[0.154s] Level 1:colcon.colcon_core.package_identification:_identify(map) by extensions ['python_setup_py']
[0.154s] Level 1:colcon.colcon_core.package_identification:_identify(map) by extension 'python_setup_py'
[0.154s] Level 1:colcon.colcon_core.package_identification:_identify(src) by extensions ['ignore', 'ignore_ament_install']
[0.154s] Level 1:colcon.colcon_core.package_identification:_identify(src) by extension 'ignore'
[0.154s] Level 1:colcon.colcon_core.package_identification:_identify(src) by extension 'ignore_ament_install'
[0.154s] Level 1:colcon.colcon_core.package_identification:_identify(src) by extensions ['colcon_pkg']
[0.154s] Level 1:colcon.colcon_core.package_identification:_identify(src) by extension 'colcon_pkg'
[0.154s] Level 1:colcon.colcon_core.package_identification:_identify(src) by extensions ['colcon_meta']
[0.154s] Level 1:colcon.colcon_core.package_identification:_identify(src) by extension 'colcon_meta'
[0.155s] Level 1:colcon.colcon_core.package_identification:_identify(src) by extensions ['ros']
[0.155s] Level 1:colcon.colcon_core.package_identification:_identify(src) by extension 'ros'
[0.155s] Level 1:colcon.colcon_core.package_identification:_identify(src) by extensions ['cmake', 'python']
[0.155s] Level 1:colcon.colcon_core.package_identification:_identify(src) by extension 'cmake'
[0.155s] Level 1:colcon.colcon_core.package_identification:_identify(src) by extension 'python'
[0.155s] Level 1:colcon.colcon_core.package_identification:_identify(src) by extensions ['python_setup_py']
[0.155s] Level 1:colcon.colcon_core.package_identification:_identify(src) by extension 'python_setup_py'
[0.155s] Level 1:colcon.colcon_core.package_identification:_identify(src/1_pub_sub) by extensions ['ignore', 'ignore_ament_install']
[0.155s] Level 1:colcon.colcon_core.package_identification:_identify(src/1_pub_sub) by extension 'ignore'
[0.155s] Level 1:colcon.colcon_core.package_identification:_identify(src/1_pub_sub) by extension 'ignore_ament_install'
[0.155s] Level 1:colcon.colcon_core.package_identification:_identify(src/1_pub_sub) by extensions ['colcon_pkg']
[0.155s] Level 1:colcon.colcon_core.package_identification:_identify(src/1_pub_sub) by extension 'colcon_pkg'
[0.155s] Level 1:colcon.colcon_core.package_identification:_identify(src/1_pub_sub) by extensions ['colcon_meta']
[0.155s] Level 1:colcon.colcon_core.package_identification:_identify(src/1_pub_sub) by extension 'colcon_meta'
[0.155s] Level 1:colcon.colcon_core.package_identification:_identify(src/1_pub_sub) by extensions ['ros']
[0.155s] Level 1:colcon.colcon_core.package_identification:_identify(src/1_pub_sub) by extension 'ros'
[0.158s] DEBUG:colcon.colcon_core.package_identification:Package 'src/1_pub_sub' with type 'ros.ament_python' and name '1_pub_sub'
[0.159s] Level 1:colcon.colcon_core.package_identification:_identify(src/4_avoild_obstacle) by extensions ['ignore', 'ignore_ament_install']
[0.159s] Level 1:colcon.colcon_core.package_identification:_identify(src/4_avoild_obstacle) by extension 'ignore'
[0.159s] Level 1:colcon.colcon_core.package_identification:_identify(src/4_avoild_obstacle) by extension 'ignore_ament_install'
[0.159s] Level 1:colcon.colcon_core.package_identification:_identify(src/4_avoild_obstacle) by extensions ['colcon_pkg']
[0.159s] Level 1:colcon.colcon_core.package_identification:_identify(src/4_avoild_obstacle) by extension 'colcon_pkg'
[0.159s] Level 1:colcon.colcon_core.package_identification:_identify(src/4_avoild_obstacle) by extensions ['colcon_meta']
[0.159s] Level 1:colcon.colcon_core.package_identification:_identify(src/4_avoild_obstacle) by extension 'colcon_meta'
[0.159s] Level 1:colcon.colcon_core.package_identification:_identify(src/4_avoild_obstacle) by extensions ['ros']
[0.159s] Level 1:colcon.colcon_core.package_identification:_identify(src/4_avoild_obstacle) by extension 'ros'
[0.160s] DEBUG:colcon.colcon_core.package_identification:Package 'src/4_avoild_obstacle' with type 'ros.ament_python' and name '4_avoild_obstacle'
[0.160s] Level 1:colcon.colcon_core.package_identification:_identify(src/5_tf_static) by extensions ['ignore', 'ignore_ament_install']
[0.160s] Level 1:colcon.colcon_core.package_identification:_identify(src/5_tf_static) by extension 'ignore'
[0.160s] Level 1:colcon.colcon_core.package_identification:_identify(src/5_tf_static) by extension 'ignore_ament_install'
[0.160s] Level 1:colcon.colcon_core.package_identification:_identify(src/5_tf_static) by extensions ['colcon_pkg']
[0.160s] Level 1:colcon.colcon_core.package_identification:_identify(src/5_tf_static) by extension 'colcon_pkg'
[0.160s] Level 1:colcon.colcon_core.package_identification:_identify(src/5_tf_static) by extensions ['colcon_meta']
[0.160s] Level 1:colcon.colcon_core.package_identification:_identify(src/5_tf_static) by extension 'colcon_meta'
[0.160s] Level 1:colcon.colcon_core.package_identification:_identify(src/5_tf_static) by extensions ['ros']
[0.160s] Level 1:colcon.colcon_core.package_identification:_identify(src/5_tf_static) by extension 'ros'
[0.161s] DEBUG:colcon.colcon_core.package_identification:Package 'src/5_tf_static' with type 'ros.ament_python' and name '5_tf_static'
[0.161s] Level 1:colcon.colcon_core.package_identification:_identify(src/6_localize_map) by extensions ['ignore', 'ignore_ament_install']
[0.161s] Level 1:colcon.colcon_core.package_identification:_identify(src/6_localize_map) by extension 'ignore'
[0.161s] Level 1:colcon.colcon_core.package_identification:_identify(src/6_localize_map) by extension 'ignore_ament_install'
[0.161s] Level 1:colcon.colcon_core.package_identification:_identify(src/6_localize_map) by extensions ['colcon_pkg']
[0.161s] Level 1:colcon.colcon_core.package_identification:_identify(src/6_localize_map) by extension 'colcon_pkg'
[0.161s] Level 1:colcon.colcon_core.package_identification:_identify(src/6_localize_map) by extensions ['colcon_meta']
[0.161s] Level 1:colcon.colcon_core.package_identification:_identify(src/6_localize_map) by extension 'colcon_meta'
[0.161s] Level 1:colcon.colcon_core.package_identification:_identify(src/6_localize_map) by extensions ['ros']
[0.161s] Level 1:colcon.colcon_core.package_identification:_identify(src/6_localize_map) by extension 'ros'
[0.162s] DEBUG:colcon.colcon_core.package_identification:Package 'src/6_localize_map' with type 'ros.ament_python' and name '6_localize_map'
[0.162s] Level 1:colcon.colcon_core.package_discovery:discover_packages(recursive) using defaults
[0.162s] Level 1:colcon.colcon_core.package_discovery:discover_packages(ignore) discover
[0.162s] Level 1:colcon.colcon_core.package_discovery:discover_packages(ignore) using defaults
[0.162s] Level 1:colcon.colcon_core.package_discovery:discover_packages(path) discover
[0.162s] Level 1:colcon.colcon_core.package_discovery:discover_packages(path) using defaults
[0.179s] INFO:colcon.colcon_core.package_selection:Skipping not selected package '1_pub_sub' in 'src/1_pub_sub'
[0.179s] INFO:colcon.colcon_core.package_selection:Skipping not selected package '4_avoild_obstacle' in 'src/4_avoild_obstacle'
[0.179s] INFO:colcon.colcon_core.package_selection:Skipping not selected package '5_tf_static' in 'src/5_tf_static'
[0.179s] Level 1:colcon.colcon_core.package_discovery:discover_packages(prefix_path) check parameters
[0.179s] Level 1:colcon.colcon_core.package_discovery:discover_packages(prefix_path) discover
[0.180s] Level 1:colcon.colcon_core.package_discovery:discover_packages(prefix_path) using defaults
[0.181s] Level 5:colcon.colcon_core.verb:set package '6_localize_map' build argument 'cmake_args' from command line to 'None'
[0.181s] Level 5:colcon.colcon_core.verb:set package '6_localize_map' build argument 'cmake_target' from command line to 'None'
[0.181s] Level 5:colcon.colcon_core.verb:set package '6_localize_map' build argument 'cmake_target_skip_unavailable' from command line to 'False'
[0.181s] Level 5:colcon.colcon_core.verb:set package '6_localize_map' build argument 'cmake_clean_cache' from command line to 'False'
[0.181s] Level 5:colcon.colcon_core.verb:set package '6_localize_map' build argument 'cmake_clean_first' from command line to 'False'
[0.181s] Level 5:colcon.colcon_core.verb:set package '6_localize_map' build argument 'cmake_force_configure' from command line to 'False'
[0.181s] Level 5:colcon.colcon_core.verb:set package '6_localize_map' build argument 'ament_cmake_args' from command line to 'None'
[0.181s] Level 5:colcon.colcon_core.verb:set package '6_localize_map' build argument 'catkin_cmake_args' from command line to 'None'
[0.181s] Level 5:colcon.colcon_core.verb:set package '6_localize_map' build argument 'catkin_skip_building_tests' from command line to 'False'
[0.181s] DEBUG:colcon.colcon_core.verb:Building package '6_localize_map' with the following arguments: {'ament_cmake_args': None, 'build_base': '/home/user15/colcon_ws/build/6_localize_map', 'catkin_cmake_args': None, 'catkin_skip_building_tests': False, 'cmake_args': None, 'cmake_clean_cache': False, 'cmake_clean_first': False, 'cmake_force_configure': False, 'cmake_target': None, 'cmake_target_skip_unavailable': False, 'install_base': '/home/user15/colcon_ws/install/6_localize_map', 'merge_install': False, 'path': '/home/user15/colcon_ws/src/6_localize_map', 'symlink_install': False, 'test_result_base': None}
[0.181s] INFO:colcon.colcon_core.executor:Executing jobs using 'parallel' executor
[0.181s] DEBUG:colcon.colcon_parallel_executor.executor.parallel:run_until_complete
[0.182s] INFO:colcon.colcon_ros.task.ament_python.build:Building ROS package in '/home/user15/colcon_ws/src/6_localize_map' with build type 'ament_python'
[0.182s] Level 1:colcon.colcon_core.shell:create_environment_hook('6_localize_map', 'ament_prefix_path')
[0.183s] INFO:colcon.colcon_core.plugin_system:Skipping extension 'colcon_core.shell.bat': Not used on non-Windows systems
[0.183s] INFO:colcon.colcon_core.shell:Creating environment hook '/home/user15/colcon_ws/install/6_localize_map/share/6_localize_map/hook/ament_prefix_path.ps1'
[0.184s] INFO:colcon.colcon_core.shell:Creating environment descriptor '/home/user15/colcon_ws/install/6_localize_map/share/6_localize_map/hook/ament_prefix_path.dsv'
[0.184s] INFO:colcon.colcon_core.shell:Creating environment hook '/home/user15/colcon_ws/install/6_localize_map/share/6_localize_map/hook/ament_prefix_path.sh'
[0.185s] INFO:colcon.colcon_core.shell:Skip shell extension 'powershell' for command environment: Not usable outside of PowerShell
[0.185s] DEBUG:colcon.colcon_core.shell:Skip shell extension 'dsv' for command environment
[0.348s] INFO:colcon.colcon_core.task.python.build:Building Python package in '/home/user15/colcon_ws/src/6_localize_map'
[0.349s] INFO:colcon.colcon_core.shell:Skip shell extension 'powershell' for command environment: Not usable outside of PowerShell
[0.349s] DEBUG:colcon.colcon_core.shell:Skip shell extension 'dsv' for command environment
[0.750s] DEBUG:colcon.colcon_core.task.python.build:Available setuptools commands: install_scripts, dist_info, symlink_data, editable_wheel, extract_messages, develop, install, build, alias, build_clib, saveopts, bdist_dumb, setopt, upload_docs, rotate, install_lib, build_ext, build_py, bdist_rpm, easy_install, install_egg_info, init_catalog, build_scripts, check, install_headers, compile_catalog, upload, sdist, egg_info, register, test, update_catalog, bdist_egg, clean, install_data, bdist
[0.752s] DEBUG:colcon.colcon_core.event_handler.log_command:Invoking command in '/home/user15/colcon_ws/src/6_localize_map': DEBUGINFOD_URLS=https://debuginfod.ubuntu.com PYTHONPATH=/home/user15/colcon_ws/build/6_localize_map/prefix_override:/usr/lib/python3/dist-packages/colcon_core/task/python/colcon_distutils_commands:/home/user15/colcon_ws/install/6_localize_map/lib/python3.12/site-packages: /usr/bin/python3 -W ignore:setup.py install is deprecated -W ignore:easy_install command is deprecated setup.py egg_info --egg-base ../../build/6_localize_map build --build-base /home/user15/colcon_ws/build/6_localize_map/build install --record /home/user15/colcon_ws/build/6_localize_map/install.log --install-scripts $base/lib/6_localize_map --single-version-externally-managed install_data
[1.122s] DEBUG:colcon.colcon_core.event_handler.log_command:Invoked command in '/home/user15/colcon_ws/src/6_localize_map' returned '0': DEBUGINFOD_URLS=https://debuginfod.ubuntu.com PYTHONPATH=/home/user15/colcon_ws/build/6_localize_map/prefix_override:/usr/lib/python3/dist-packages/colcon_core/task/python/colcon_distutils_commands:/home/user15/colcon_ws/install/6_localize_map/lib/python3.12/site-packages: /usr/bin/python3 -W ignore:setup.py install is deprecated -W ignore:easy_install command is deprecated setup.py egg_info --egg-base ../../build/6_localize_map build --build-base /home/user15/colcon_ws/build/6_localize_map/build install --record /home/user15/colcon_ws/build/6_localize_map/install.log --install-scripts $base/lib/6_localize_map --single-version-externally-managed install_data
[1.123s] Level 1:colcon.colcon_core.environment:checking '/home/user15/colcon_ws/install/6_localize_map' for CMake module files
[1.124s] Level 1:colcon.colcon_core.environment:checking '/home/user15/colcon_ws/install/6_localize_map' for CMake config files
[1.124s] Level 1:colcon.colcon_core.environment:checking '/home/user15/colcon_ws/install/6_localize_map/lib'
[1.124s] Level 1:colcon.colcon_core.environment:checking '/home/user15/colcon_ws/install/6_localize_map/bin'
[1.124s] Level 1:colcon.colcon_core.environment:checking '/home/user15/colcon_ws/install/6_localize_map/lib/pkgconfig/6_localize_map.pc'
[1.125s] Level 1:colcon.colcon_core.environment:checking '/home/user15/colcon_ws/install/6_localize_map/lib/python3.12/site-packages'
[1.125s] Level 1:colcon.colcon_core.shell:create_environment_hook('6_localize_map', 'pythonpath')
[1.125s] INFO:colcon.colcon_core.shell:Creating environment hook '/home/user15/colcon_ws/install/6_localize_map/share/6_localize_map/hook/pythonpath.ps1'
[1.125s] INFO:colcon.colcon_core.shell:Creating environment descriptor '/home/user15/colcon_ws/install/6_localize_map/share/6_localize_map/hook/pythonpath.dsv'
[1.126s] INFO:colcon.colcon_core.shell:Creating environment hook '/home/user15/colcon_ws/install/6_localize_map/share/6_localize_map/hook/pythonpath.sh'
[1.126s] Level 1:colcon.colcon_core.environment:checking '/home/user15/colcon_ws/install/6_localize_map/bin'
[1.126s] Level 1:colcon.colcon_core.environment:create_environment_scripts_only(6_localize_map)
[1.126s] INFO:colcon.colcon_core.shell:Creating package script '/home/user15/colcon_ws/install/6_localize_map/share/6_localize_map/package.ps1'
[1.127s] INFO:colcon.colcon_core.shell:Creating package descriptor '/home/user15/colcon_ws/install/6_localize_map/share/6_localize_map/package.dsv'
[1.128s] INFO:colcon.colcon_core.shell:Creating package script '/home/user15/colcon_ws/install/6_localize_map/share/6_localize_map/package.sh'
[1.128s] INFO:colcon.colcon_core.shell:Creating package script '/home/user15/colcon_ws/install/6_localize_map/share/6_localize_map/package.bash'
[1.129s] INFO:colcon.colcon_core.shell:Creating package script '/home/user15/colcon_ws/install/6_localize_map/share/6_localize_map/package.zsh'
[1.129s] Level 1:colcon.colcon_core.environment:create_file_with_runtime_dependencies(/home/user15/colcon_ws/install/6_localize_map/share/colcon-core/packages/6_localize_map)
[1.129s] DEBUG:colcon.colcon_parallel_executor.executor.parallel:closing loop
[1.130s] DEBUG:colcon.colcon_parallel_executor.executor.parallel:loop closed
[1.130s] DEBUG:colcon.colcon_parallel_executor.executor.parallel:run_until_complete finished with '0'
[1.130s] DEBUG:colcon.colcon_core.event_reactor:joining thread
[1.135s] INFO:colcon.colcon_core.plugin_system:Skipping extension 'colcon_notification.desktop_notification.terminal_notifier': Not used on non-Darwin systems
[1.135s] INFO:colcon.colcon_core.plugin_system:Skipping extension 'colcon_notification.desktop_notification.win32': Not used on non-Windows systems
[1.135s] INFO:colcon.colcon_notification.desktop_notification:Sending desktop notification using 'notify2'
[1.135s] DEBUG:colcon.colcon_notification.desktop_notification.notify2:Failed to initialize notify2: org.freedesktop.DBus.Error.AccessDenied: Failed to connect to socket /run/user/1000/bus: Operation not permitted
[1.135s] DEBUG:colcon.colcon_core.event_reactor:joined thread
[1.135s] INFO:colcon.colcon_core.shell:Creating prefix script '/home/user15/colcon_ws/install/local_setup.ps1'
[1.136s] INFO:colcon.colcon_core.shell:Creating prefix util module '/home/user15/colcon_ws/install/_local_setup_util_ps1.py'
[1.137s] INFO:colcon.colcon_core.shell:Creating prefix chain script '/home/user15/colcon_ws/install/setup.ps1'
[1.138s] INFO:colcon.colcon_core.shell:Creating prefix script '/home/user15/colcon_ws/install/local_setup.sh'
[1.138s] INFO:colcon.colcon_core.shell:Creating prefix util module '/home/user15/colcon_ws/install/_local_setup_util_sh.py'
[1.139s] INFO:colcon.colcon_core.shell:Creating prefix chain script '/home/user15/colcon_ws/install/setup.sh'
[1.139s] INFO:colcon.colcon_core.shell:Creating prefix script '/home/user15/colcon_ws/install/local_setup.bash'
[1.140s] INFO:colcon.colcon_core.shell:Creating prefix chain script '/home/user15/colcon_ws/install/setup.bash'
[1.141s] INFO:colcon.colcon_core.shell:Creating prefix script '/home/user15/colcon_ws/install/local_setup.zsh'
[1.141s] INFO:colcon.colcon_core.shell:Creating prefix chain script '/home/user15/colcon_ws/install/setup.zsh'
