[1.410s] Invoking command in '/home/user08/colcon_ws/src/6_localize_map': DEBUGINFOD_URLS=https://debuginfod.ubuntu.com PYTHONPATH=/home/user08/colcon_ws/build/6_localize_map/prefix_override:/usr/lib/python3/dist-packages/colcon_core/task/python/colcon_distutils_commands:/home/user08/colcon_ws/install/6_localize_map/lib/python3.12/site-packages:${PYTHONPATH} /usr/bin/python3 -W ignore:setup.py install is deprecated -W ignore:easy_install command is deprecated setup.py egg_info --egg-base ../../build/6_localize_map build --build-base /home/user08/colcon_ws/build/6_localize_map/build install --record /home/user08/colcon_ws/build/6_localize_map/install.log --single-version-externally-managed install_data
[1.673s] running egg_info
[1.694s] writing ../../build/6_localize_map/6_localize_map.egg-info/PKG-INFO
[1.695s] writing dependency_links to ../../build/6_localize_map/6_localize_map.egg-info/dependency_links.txt
[1.695s] writing entry points to ../../build/6_localize_map/6_localize_map.egg-info/entry_points.txt
[1.695s] writing requirements to ../../build/6_localize_map/6_localize_map.egg-info/requires.txt
[1.695s] writing top-level names to ../../build/6_localize_map/6_localize_map.egg-info/top_level.txt
[1.740s] reading manifest file '../../build/6_localize_map/6_localize_map.egg-info/SOURCES.txt'
[1.740s] writing manifest file '../../build/6_localize_map/6_localize_map.egg-info/SOURCES.txt'
[1.741s] running build
[1.741s] running build_py
[1.741s] running install
[1.747s] running install_lib
[1.782s] running install_data
[1.782s] running install_egg_info
[1.812s] removing '/home/user08/colcon_ws/install/6_localize_map/lib/python3.12/site-packages/6_localize_map-0.0.0-py3.12.egg-info' (and everything under it)
[1.812s] Copying ../../build/6_localize_map/6_localize_map.egg-info to /home/user08/colcon_ws/install/6_localize_map/lib/python3.12/site-packages/6_localize_map-0.0.0-py3.12.egg-info
[1.813s] running install_scripts
[1.951s] Installing simple_yaw_oa script to /home/user08/colcon_ws/install/6_localize_map/lib/6_localize_map
[1.951s] writing list of installed files to '/home/user08/colcon_ws/build/6_localize_map/install.log'
