[1.528s] Invoking command in '/home/user08/colcon_ws/src/5_tf_static': DEBUGINFOD_URLS=https://debuginfod.ubuntu.com PYTHONPATH=/home/user08/colcon_ws/build/5_tf_static/prefix_override:/usr/lib/python3/dist-packages/colcon_core/task/python/colcon_distutils_commands:/home/user08/colcon_ws/install/5_tf_static/lib/python3.12/site-packages:${PYTHONPATH} /usr/bin/python3 -W ignore:setup.py install is deprecated -W ignore:easy_install command is deprecated setup.py egg_info --egg-base ../../build/5_tf_static build --build-base /home/user08/colcon_ws/build/5_tf_static/build install --record /home/user08/colcon_ws/build/5_tf_static/install.log --single-version-externally-managed install_data
[1.828s] running egg_info
[1.853s] writing ../../build/5_tf_static/5_tf_static.egg-info/PKG-INFO
[1.853s] writing dependency_links to ../../build/5_tf_static/5_tf_static.egg-info/dependency_links.txt
[1.853s] writing entry points to ../../build/5_tf_static/5_tf_static.egg-info/entry_points.txt
[1.853s] writing requirements to ../../build/5_tf_static/5_tf_static.egg-info/requires.txt
[1.854s] writing top-level names to ../../build/5_tf_static/5_tf_static.egg-info/top_level.txt
[1.907s] reading manifest file '../../build/5_tf_static/5_tf_static.egg-info/SOURCES.txt'
[1.908s] writing manifest file '../../build/5_tf_static/5_tf_static.egg-info/SOURCES.txt'
[1.908s] running build
[1.908s] running build_py
[1.909s] running install
[1.916s] running install_lib
[1.942s] running install_data
[1.942s] running install_egg_info
[1.969s] removing '/home/user08/colcon_ws/install/5_tf_static/lib/python3.12/site-packages/5_tf_static-0.0.0-py3.12.egg-info' (and everything under it)
[1.970s] Copying ../../build/5_tf_static/5_tf_static.egg-info to /home/user08/colcon_ws/install/5_tf_static/lib/python3.12/site-packages/5_tf_static-0.0.0-py3.12.egg-info
[1.971s] running install_scripts
[2.125s] Installing tf_dynamic script to /home/user08/colcon_ws/install/5_tf_static/lib/5_tf_static
[2.126s] Installing tf_listener script to /home/user08/colcon_ws/install/5_tf_static/lib/5_tf_static
[2.126s] Installing tf_static script to /home/user08/colcon_ws/install/5_tf_static/lib/5_tf_static
[2.126s] writing list of installed files to '/home/user08/colcon_ws/build/5_tf_static/install.log'
[2.156s] Invoked command in '/home/user08/colcon_ws/src/5_tf_static' returned '0': DEBUGINFOD_URLS=https://debuginfod.ubuntu.com PYTHONPATH=/home/user08/colcon_ws/build/5_tf_static/prefix_override:/usr/lib/python3/dist-packages/colcon_core/task/python/colcon_distutils_commands:/home/user08/colcon_ws/install/5_tf_static/lib/python3.12/site-packages:${PYTHONPATH} /usr/bin/python3 -W ignore:setup.py install is deprecated -W ignore:easy_install command is deprecated setup.py egg_info --egg-base ../../build/5_tf_static build --build-base /home/user08/colcon_ws/build/5_tf_static/build install --record /home/user08/colcon_ws/build/5_tf_static/install.log --single-version-externally-managed install_data
